{"C:\\Users\\Lenovo\\Desktop\\DreamSpaces\\app.js": {"path":"C:\\Users\\Lenovo\\Desktop\\DreamSpaces\\app.js","statementMap":{"0":{"start":{"line":1,"column":16},"end":{"line":1,"column":34}},"1":{"start":{"line":2,"column":17},"end":{"line":2,"column":36}},"2":{"start":{"line":3,"column":19},"end":{"line":3,"column":43}},"3":{"start":{"line":4,"column":15},"end":{"line":4,"column":32}},"4":{"start":{"line":5,"column":19},"end":{"line":5,"column":41}},"5":{"start":{"line":6,"column":13},"end":{"line":6,"column":28}},"6":{"start":{"line":7,"column":12},"end":{"line":7,"column":35}},"7":{"start":{"line":8,"column":15},"end":{"line":8,"column":32}},"8":{"start":{"line":9,"column":11},"end":{"line":9,"column":24}},"9":{"start":{"line":10,"column":14},"end":{"line":10,"column":30}},"10":{"start":{"line":11,"column":11},"end":{"line":11,"column":24}},"11":{"start":{"line":12,"column":15},"end":{"line":12,"column":32}},"12":{"start":{"line":13,"column":0},"end":{"line":13,"column":26}},"13":{"start":{"line":15,"column":12},"end":{"line":15,"column":21}},"14":{"start":{"line":16,"column":13},"end":{"line":16,"column":17}},"15":{"start":{"line":19,"column":0},"end":{"line":26,"column":3}},"16":{"start":{"line":23,"column":4},"end":{"line":23,"column":46}},"17":{"start":{"line":25,"column":4},"end":{"line":25,"column":58}},"18":{"start":{"line":28,"column":0},"end":{"line":28,"column":27}},"19":{"start":{"line":29,"column":0},"end":{"line":29,"column":18}},"20":{"start":{"line":31,"column":0},"end":{"line":34,"column":3}},"21":{"start":{"line":32,"column":4},"end":{"line":32,"column":29}},"22":{"start":{"line":33,"column":4},"end":{"line":33,"column":61}},"23":{"start":{"line":38,"column":0},"end":{"line":40,"column":4}},"24":{"start":{"line":42,"column":21},"end":{"line":42,"column":45}},"25":{"start":{"line":43,"column":18},"end":{"line":43,"column":47}},"26":{"start":{"line":45,"column":20},"end":{"line":45,"column":51}},"27":{"start":{"line":46,"column":29},"end":{"line":46,"column":69}},"28":{"start":{"line":47,"column":29},"end":{"line":47,"column":69}},"29":{"start":{"line":48,"column":22},"end":{"line":48,"column":55}},"30":{"start":{"line":49,"column":23},"end":{"line":49,"column":57}},"31":{"start":{"line":50,"column":22},"end":{"line":50,"column":55}},"32":{"start":{"line":51,"column":35},"end":{"line":51,"column":81}},"33":{"start":{"line":52,"column":30},"end":{"line":52,"column":71}},"34":{"start":{"line":53,"column":30},"end":{"line":53,"column":71}},"35":{"start":{"line":54,"column":22},"end":{"line":54,"column":55}},"36":{"start":{"line":55,"column":21},"end":{"line":55,"column":53}},"37":{"start":{"line":57,"column":23},"end":{"line":86,"column":1}},"38":{"start":{"line":88,"column":20},"end":{"line":88,"column":48}},"39":{"start":{"line":89,"column":0},"end":{"line":89,"column":67}},"40":{"start":{"line":195,"column":15},"end":{"line":195,"column":41}},"41":{"start":{"line":196,"column":14},"end":{"line":196,"column":39}},"42":{"start":{"line":197,"column":21},"end":{"line":197,"column":58}},"43":{"start":{"line":198,"column":24},"end":{"line":198,"column":65}},"44":{"start":{"line":199,"column":23},"end":{"line":199,"column":63}},"45":{"start":{"line":200,"column":23},"end":{"line":200,"column":63}},"46":{"start":{"line":201,"column":25},"end":{"line":201,"column":67}},"47":{"start":{"line":202,"column":20},"end":{"line":202,"column":56}},"48":{"start":{"line":203,"column":24},"end":{"line":203,"column":64}},"49":{"start":{"line":204,"column":23},"end":{"line":204,"column":62}},"50":{"start":{"line":205,"column":24},"end":{"line":205,"column":64}},"51":{"start":{"line":206,"column":21},"end":{"line":206,"column":58}},"52":{"start":{"line":207,"column":15},"end":{"line":207,"column":46}},"53":{"start":{"line":208,"column":16},"end":{"line":208,"column":48}},"54":{"start":{"line":209,"column":18},"end":{"line":209,"column":36}},"55":{"start":{"line":212,"column":9},"end":{"line":217,"column":2}},"56":{"start":{"line":215,"column":8},"end":{"line":215,"column":70}},"57":{"start":{"line":219,"column":15},"end":{"line":219,"column":38}},"58":{"start":{"line":243,"column":0},"end":{"line":243,"column":49}},"59":{"start":{"line":265,"column":0},"end":{"line":265,"column":53}},"60":{"start":{"line":291,"column":0},"end":{"line":309,"column":3}},"61":{"start":{"line":292,"column":4},"end":{"line":308,"column":5}},"62":{"start":{"line":293,"column":36},"end":{"line":293,"column":44}},"63":{"start":{"line":294,"column":21},"end":{"line":294,"column":59}},"64":{"start":{"line":295,"column":8},"end":{"line":297,"column":9}},"65":{"start":{"line":296,"column":8},"end":{"line":296,"column":65}},"66":{"start":{"line":298,"column":30},"end":{"line":298,"column":75}},"67":{"start":{"line":299,"column":8},"end":{"line":301,"column":9}},"68":{"start":{"line":300,"column":8},"end":{"line":300,"column":65}},"69":{"start":{"line":302,"column":22},"end":{"line":304,"column":10}},"70":{"start":{"line":305,"column":8},"end":{"line":305,"column":90}},"71":{"start":{"line":307,"column":8},"end":{"line":307,"column":56}},"72":{"start":{"line":335,"column":0},"end":{"line":353,"column":3}},"73":{"start":{"line":336,"column":4},"end":{"line":352,"column":5}},"74":{"start":{"line":337,"column":36},"end":{"line":337,"column":44}},"75":{"start":{"line":338,"column":21},"end":{"line":338,"column":58}},"76":{"start":{"line":339,"column":8},"end":{"line":341,"column":9}},"77":{"start":{"line":340,"column":12},"end":{"line":340,"column":74}},"78":{"start":{"line":342,"column":30},"end":{"line":342,"column":75}},"79":{"start":{"line":343,"column":8},"end":{"line":345,"column":9}},"80":{"start":{"line":344,"column":12},"end":{"line":344,"column":74}},"81":{"start":{"line":346,"column":22},"end":{"line":348,"column":10}},"82":{"start":{"line":349,"column":8},"end":{"line":349,"column":69}},"83":{"start":{"line":351,"column":8},"end":{"line":351,"column":56}},"84":{"start":{"line":376,"column":0},"end":{"line":376,"column":107}},"85":{"start":{"line":379,"column":0},"end":{"line":379,"column":67}},"86":{"start":{"line":402,"column":0},"end":{"line":402,"column":104}},"87":{"start":{"line":425,"column":0},"end":{"line":425,"column":104}},"88":{"start":{"line":485,"column":0},"end":{"line":485,"column":84}},"89":{"start":{"line":504,"column":0},"end":{"line":504,"column":96}},"90":{"start":{"line":537,"column":0},"end":{"line":537,"column":77}},"91":{"start":{"line":561,"column":0},"end":{"line":561,"column":66}},"92":{"start":{"line":585,"column":0},"end":{"line":585,"column":68}},"93":{"start":{"line":612,"column":0},"end":{"line":612,"column":71}},"94":{"start":{"line":637,"column":0},"end":{"line":637,"column":73}},"95":{"start":{"line":706,"column":0},"end":{"line":706,"column":73}},"96":{"start":{"line":733,"column":0},"end":{"line":733,"column":71}},"97":{"start":{"line":763,"column":0},"end":{"line":763,"column":61}},"98":{"start":{"line":793,"column":0},"end":{"line":793,"column":61}},"99":{"start":{"line":795,"column":0},"end":{"line":820,"column":3}},"100":{"start":{"line":796,"column":4},"end":{"line":819,"column":5}},"101":{"start":{"line":798,"column":8},"end":{"line":798,"column":26}},"102":{"start":{"line":799,"column":34},"end":{"line":799,"column":56}},"103":{"start":{"line":800,"column":8},"end":{"line":814,"column":9}},"104":{"start":{"line":802,"column":12},"end":{"line":813,"column":13}},"105":{"start":{"line":804,"column":35},"end":{"line":804,"column":67}},"106":{"start":{"line":805,"column":16},"end":{"line":812,"column":17}},"107":{"start":{"line":807,"column":20},"end":{"line":811,"column":21}},"108":{"start":{"line":809,"column":24},"end":{"line":809,"column":51}},"109":{"start":{"line":810,"column":24},"end":{"line":810,"column":87}},"110":{"start":{"line":818,"column":8},"end":{"line":818,"column":58}},"111":{"start":{"line":835,"column":0},"end":{"line":835,"column":66}},"112":{"start":{"line":877,"column":0},"end":{"line":877,"column":78}},"113":{"start":{"line":879,"column":0},"end":{"line":908,"column":3}},"114":{"start":{"line":880,"column":1},"end":{"line":907,"column":2}},"115":{"start":{"line":881,"column":15},"end":{"line":881,"column":42}},"116":{"start":{"line":882,"column":3},"end":{"line":884,"column":4}},"117":{"start":{"line":883,"column":4},"end":{"line":883,"column":80}},"118":{"start":{"line":886,"column":3},"end":{"line":888,"column":4}},"119":{"start":{"line":887,"column":4},"end":{"line":887,"column":34}},"120":{"start":{"line":891,"column":3},"end":{"line":895,"column":4}},"121":{"start":{"line":892,"column":4},"end":{"line":892,"column":53}},"122":{"start":{"line":894,"column":4},"end":{"line":894,"column":71}},"123":{"start":{"line":897,"column":19},"end":{"line":897,"column":63}},"124":{"start":{"line":898,"column":3},"end":{"line":900,"column":4}},"125":{"start":{"line":899,"column":4},"end":{"line":899,"column":62}},"126":{"start":{"line":902,"column":3},"end":{"line":902,"column":51}},"127":{"start":{"line":905,"column":3},"end":{"line":905,"column":24}},"128":{"start":{"line":906,"column":3},"end":{"line":906,"column":67}},"129":{"start":{"line":912,"column":16},"end":{"line":912,"column":43}},"130":{"start":{"line":913,"column":4},"end":{"line":916,"column":5}},"131":{"start":{"line":914,"column":8},"end":{"line":914,"column":48}},"132":{"start":{"line":915,"column":8},"end":{"line":915,"column":64}},"133":{"start":{"line":917,"column":4},"end":{"line":919,"column":5}},"134":{"start":{"line":918,"column":8},"end":{"line":918,"column":52}},"135":{"start":{"line":920,"column":4},"end":{"line":927,"column":5}},"136":{"start":{"line":921,"column":24},"end":{"line":921,"column":62}},"137":{"start":{"line":922,"column":8},"end":{"line":922,"column":36}},"138":{"start":{"line":923,"column":8},"end":{"line":923,"column":15}},"139":{"start":{"line":926,"column":8},"end":{"line":926,"column":57}},"140":{"start":{"line":930,"column":0},"end":{"line":930,"column":21}},"141":{"start":{"line":932,"column":0},"end":{"line":936,"column":3}},"142":{"start":{"line":933,"column":4},"end":{"line":935,"column":7}},"143":{"start":{"line":934,"column":6},"end":{"line":934,"column":64}}},"fnMap":{"0":{"name":"(anonymous_0)","decl":{"start":{"line":22,"column":10},"end":{"line":22,"column":11}},"loc":{"start":{"line":22,"column":16},"end":{"line":24,"column":3}},"line":22},"1":{"name":"(anonymous_1)","decl":{"start":{"line":24,"column":11},"end":{"line":24,"column":12}},"loc":{"start":{"line":24,"column":20},"end":{"line":26,"column":1}},"line":24},"2":{"name":"(anonymous_2)","decl":{"start":{"line":31,"column":8},"end":{"line":31,"column":9}},"loc":{"start":{"line":31,"column":33},"end":{"line":34,"column":1}},"line":31},"3":{"name":"(anonymous_3)","decl":{"start":{"line":214,"column":13},"end":{"line":214,"column":14}},"loc":{"start":{"line":214,"column":28},"end":{"line":216,"column":5}},"line":214},"4":{"name":"(anonymous_4)","decl":{"start":{"line":291,"column":23},"end":{"line":291,"column":24}},"loc":{"start":{"line":291,"column":43},"end":{"line":309,"column":1}},"line":291},"5":{"name":"(anonymous_5)","decl":{"start":{"line":335,"column":28},"end":{"line":335,"column":29}},"loc":{"start":{"line":335,"column":48},"end":{"line":353,"column":1}},"line":335},"6":{"name":"(anonymous_6)","decl":{"start":{"line":795,"column":29},"end":{"line":795,"column":30}},"loc":{"start":{"line":795,"column":48},"end":{"line":820,"column":1}},"line":795},"7":{"name":"(anonymous_7)","decl":{"start":{"line":879,"column":27},"end":{"line":879,"column":28}},"loc":{"start":{"line":879,"column":47},"end":{"line":908,"column":1}},"line":879},"8":{"name":"verifyToken","decl":{"start":{"line":911,"column":9},"end":{"line":911,"column":20}},"loc":{"start":{"line":911,"column":37},"end":{"line":928,"column":1}},"line":911},"9":{"name":"(anonymous_9)","decl":{"start":{"line":933,"column":21},"end":{"line":933,"column":22}},"loc":{"start":{"line":933,"column":27},"end":{"line":935,"column":5}},"line":933}},"branchMap":{"0":{"loc":{"start":{"line":295,"column":8},"end":{"line":297,"column":9}},"type":"if","locations":[{"start":{"line":295,"column":8},"end":{"line":297,"column":9}},{"start":{},"end":{}}],"line":295},"1":{"loc":{"start":{"line":299,"column":8},"end":{"line":301,"column":9}},"type":"if","locations":[{"start":{"line":299,"column":8},"end":{"line":301,"column":9}},{"start":{},"end":{}}],"line":299},"2":{"loc":{"start":{"line":339,"column":8},"end":{"line":341,"column":9}},"type":"if","locations":[{"start":{"line":339,"column":8},"end":{"line":341,"column":9}},{"start":{},"end":{}}],"line":339},"3":{"loc":{"start":{"line":343,"column":8},"end":{"line":345,"column":9}},"type":"if","locations":[{"start":{"line":343,"column":8},"end":{"line":345,"column":9}},{"start":{},"end":{}}],"line":343},"4":{"loc":{"start":{"line":802,"column":12},"end":{"line":813,"column":13}},"type":"if","locations":[{"start":{"line":802,"column":12},"end":{"line":813,"column":13}},{"start":{},"end":{}}],"line":802},"5":{"loc":{"start":{"line":802,"column":15},"end":{"line":802,"column":156}},"type":"binary-expr","locations":[{"start":{"line":802,"column":15},"end":{"line":802,"column":60}},{"start":{"line":802,"column":64},"end":{"line":802,"column":108}},{"start":{"line":802,"column":112},"end":{"line":802,"column":156}}],"line":802},"6":{"loc":{"start":{"line":807,"column":20},"end":{"line":811,"column":21}},"type":"if","locations":[{"start":{"line":807,"column":20},"end":{"line":811,"column":21}},{"start":{},"end":{}}],"line":807},"7":{"loc":{"start":{"line":807,"column":23},"end":{"line":807,"column":65}},"type":"binary-expr","locations":[{"start":{"line":807,"column":23},"end":{"line":807,"column":46}},{"start":{"line":807,"column":50},"end":{"line":807,"column":65}}],"line":807},"8":{"loc":{"start":{"line":882,"column":3},"end":{"line":884,"column":4}},"type":"if","locations":[{"start":{"line":882,"column":3},"end":{"line":884,"column":4}},{"start":{},"end":{}}],"line":882},"9":{"loc":{"start":{"line":886,"column":3},"end":{"line":888,"column":4}},"type":"if","locations":[{"start":{"line":886,"column":3},"end":{"line":888,"column":4}},{"start":{},"end":{}}],"line":886},"10":{"loc":{"start":{"line":898,"column":3},"end":{"line":900,"column":4}},"type":"if","locations":[{"start":{"line":898,"column":3},"end":{"line":900,"column":4}},{"start":{},"end":{}}],"line":898},"11":{"loc":{"start":{"line":913,"column":4},"end":{"line":916,"column":5}},"type":"if","locations":[{"start":{"line":913,"column":4},"end":{"line":916,"column":5}},{"start":{},"end":{}}],"line":913},"12":{"loc":{"start":{"line":917,"column":4},"end":{"line":919,"column":5}},"type":"if","locations":[{"start":{"line":917,"column":4},"end":{"line":919,"column":5}},{"start":{},"end":{}}],"line":917},"13":{"loc":{"start":{"line":932,"column":0},"end":{"line":936,"column":3}},"type":"if","locations":[{"start":{"line":932,"column":0},"end":{"line":936,"column":3}},{"start":{},"end":{}}],"line":932}},"s":{"0":7,"1":7,"2":7,"3":7,"4":7,"5":7,"6":7,"7":7,"8":7,"9":7,"10":7,"11":7,"12":7,"13":7,"14":7,"15":7,"16":7,"17":0,"18":7,"19":7,"20":7,"21":0,"22":0,"23":7,"24":7,"25":7,"26":7,"27":7,"28":7,"29":7,"30":7,"31":7,"32":7,"33":7,"34":7,"35":7,"36":7,"37":7,"38":7,"39":7,"40":7,"41":7,"42":7,"43":7,"44":7,"45":7,"46":7,"47":7,"48":7,"49":7,"50":7,"51":7,"52":7,"53":7,"54":7,"55":7,"56":0,"57":7,"58":7,"59":7,"60":7,"61":9,"62":9,"63":9,"64":9,"65":1,"66":8,"67":8,"68":1,"69":7,"70":7,"71":0,"72":7,"73":0,"74":0,"75":0,"76":0,"77":0,"78":0,"79":0,"80":0,"81":0,"82":0,"83":0,"84":7,"85":7,"86":7,"87":7,"88":7,"89":7,"90":7,"91":7,"92":7,"93":7,"94":7,"95":7,"96":7,"97":7,"98":7,"99":7,"100":0,"101":0,"102":0,"103":0,"104":0,"105":0,"106":0,"107":0,"108":0,"109":0,"110":0,"111":7,"112":7,"113":7,"114":0,"115":0,"116":0,"117":0,"118":0,"119":0,"120":0,"121":0,"122":0,"123":0,"124":0,"125":0,"126":0,"127":0,"128":0,"129":19,"130":19,"131":8,"132":8,"133":11,"134":11,"135":11,"136":11,"137":11,"138":11,"139":0,"140":7,"141":7,"142":0,"143":0},"f":{"0":7,"1":0,"2":0,"3":0,"4":9,"5":0,"6":0,"7":0,"8":19,"9":0},"b":{"0":[1,8],"1":[1,7],"2":[0,0],"3":[0,0],"4":[0,0],"5":[0,0,0],"6":[0,0],"7":[0,0],"8":[0,0],"9":[0,0],"10":[0,0],"11":[8,11],"12":[11,0],"13":[0,7]},"_coverageSchema":"1a1c01bbd47fc00a2c39e90264f33305004495a9","hash":"661a8aba1f916637edef539a217f400888fecd06"}
,"C:\\Users\\Lenovo\\Desktop\\DreamSpaces\\cloudinary.js": {"path":"C:\\Users\\Lenovo\\Desktop\\DreamSpaces\\cloudinary.js","statementMap":{"0":{"start":{"line":1,"column":19},"end":{"line":1,"column":43}},"1":{"start":{"line":2,"column":30},"end":{"line":2,"column":66}},"2":{"start":{"line":3,"column":15},"end":{"line":3,"column":32}},"3":{"start":{"line":4,"column":0},"end":{"line":4,"column":27}},"4":{"start":{"line":6,"column":0},"end":{"line":10,"column":3}},"5":{"start":{"line":12,"column":16},"end":{"line":18,"column":2}},"6":{"start":{"line":20,"column":15},"end":{"line":20,"column":34}},"7":{"start":{"line":22,"column":0},"end":{"line":22,"column":24}}},"fnMap":{},"branchMap":{},"s":{"0":7,"1":7,"2":7,"3":7,"4":7,"5":7,"6":7,"7":7},"f":{},"b":{},"_coverageSchema":"1a1c01bbd47fc00a2c39e90264f33305004495a9","hash":"54befc047f64f10e4b1e61d234771462fcd27651"}
,"C:\\Users\\Lenovo\\Desktop\\DreamSpaces\\upstashClient.js": {"path":"C:\\Users\\Lenovo\\Desktop\\DreamSpaces\\upstashClient.js","statementMap":{"0":{"start":{"line":1,"column":18},"end":{"line":1,"column":43}},"1":{"start":{"line":2,"column":0},"end":{"line":2,"column":27}},"2":{"start":{"line":4,"column":14},"end":{"line":7,"column":2}},"3":{"start":{"line":10,"column":0},"end":{"line":10,"column":23}}},"fnMap":{},"branchMap":{},"s":{"0":7,"1":7,"2":7,"3":7},"f":{},"b":{},"_coverageSchema":"1a1c01bbd47fc00a2c39e90264f33305004495a9","hash":"e2929a9c3f1f370d3ef25ee276f6d57af6f5908a"}
,"C:\\Users\\Lenovo\\Desktop\\DreamSpaces\\controllers\\AdminDashboard.js": {"path":"C:\\Users\\Lenovo\\Desktop\\DreamSpaces\\controllers\\AdminDashboard.js","statementMap":{"0":{"start":{"line":1,"column":15},"end":{"line":1,"column":43}},"1":{"start":{"line":2,"column":17},"end":{"line":2,"column":53}},"2":{"start":{"line":3,"column":16},"end":{"line":3,"column":52}},"3":{"start":{"line":4,"column":17},"end":{"line":4,"column":58}},"4":{"start":{"line":5,"column":17},"end":{"line":5,"column":52}},"5":{"start":{"line":6,"column":16},"end":{"line":6,"column":51}},"6":{"start":{"line":7,"column":17},"end":{"line":7,"column":46}},"7":{"start":{"line":8,"column":17},"end":{"line":8,"column":45}},"8":{"start":{"line":9,"column":15},"end":{"line":9,"column":42}},"9":{"start":{"line":10,"column":14},"end":{"line":10,"column":40}},"10":{"start":{"line":13,"column":0},"end":{"line":39,"column":2}},"11":{"start":{"line":14,"column":4},"end":{"line":38,"column":5}},"12":{"start":{"line":16,"column":22},"end":{"line":16,"column":43}},"13":{"start":{"line":17,"column":24},"end":{"line":17,"column":45}},"14":{"start":{"line":19,"column":23},"end":{"line":19,"column":25}},"15":{"start":{"line":20,"column":8},"end":{"line":20,"column":60}},"16":{"start":{"line":21,"column":8},"end":{"line":21,"column":59}},"17":{"start":{"line":22,"column":8},"end":{"line":22,"column":60}},"18":{"start":{"line":23,"column":8},"end":{"line":23,"column":59}},"19":{"start":{"line":24,"column":8},"end":{"line":24,"column":60}},"20":{"start":{"line":25,"column":8},"end":{"line":25,"column":60}},"21":{"start":{"line":26,"column":8},"end":{"line":26,"column":60}},"22":{"start":{"line":27,"column":20},"end":{"line":27,"column":35}},"23":{"start":{"line":28,"column":22},"end":{"line":28,"column":24}},"24":{"start":{"line":29,"column":8},"end":{"line":31,"column":9}},"25":{"start":{"line":29,"column":21},"end":{"line":29,"column":22}},"26":{"start":{"line":30,"column":12},"end":{"line":30,"column":74}},"27":{"start":{"line":34,"column":8},"end":{"line":34,"column":112}},"28":{"start":{"line":36,"column":8},"end":{"line":36,"column":53}},"29":{"start":{"line":37,"column":9},"end":{"line":37,"column":63}},"30":{"start":{"line":41,"column":0},"end":{"line":60,"column":1}},"31":{"start":{"line":42,"column":4},"end":{"line":58,"column":5}},"32":{"start":{"line":43,"column":22},"end":{"line":43,"column":38}},"33":{"start":{"line":44,"column":23},"end":{"line":44,"column":61}},"34":{"start":{"line":45,"column":8},"end":{"line":45,"column":57}},"35":{"start":{"line":46,"column":8},"end":{"line":46,"column":56}},"36":{"start":{"line":47,"column":8},"end":{"line":47,"column":57}},"37":{"start":{"line":48,"column":8},"end":{"line":48,"column":56}},"38":{"start":{"line":49,"column":8},"end":{"line":49,"column":57}},"39":{"start":{"line":50,"column":8},"end":{"line":50,"column":57}},"40":{"start":{"line":51,"column":8},"end":{"line":51,"column":57}},"41":{"start":{"line":52,"column":8},"end":{"line":52,"column":50}},"42":{"start":{"line":53,"column":8},"end":{"line":53,"column":92}},"43":{"start":{"line":56,"column":8},"end":{"line":56,"column":27}},"44":{"start":{"line":57,"column":8},"end":{"line":57,"column":63}},"45":{"start":{"line":63,"column":0},"end":{"line":87,"column":1}},"46":{"start":{"line":64,"column":4},"end":{"line":86,"column":5}},"47":{"start":{"line":65,"column":30},"end":{"line":65,"column":38}},"48":{"start":{"line":66,"column":8},"end":{"line":81,"column":9}},"49":{"start":{"line":68,"column":27},"end":{"line":68,"column":67}},"50":{"start":{"line":69,"column":29},"end":{"line":74,"column":14}},"51":{"start":{"line":75,"column":12},"end":{"line":75,"column":34}},"52":{"start":{"line":76,"column":12},"end":{"line":76,"column":79}},"53":{"start":{"line":80,"column":12},"end":{"line":80,"column":64}},"54":{"start":{"line":84,"column":8},"end":{"line":84,"column":27}},"55":{"start":{"line":85,"column":8},"end":{"line":85,"column":63}}},"fnMap":{"0":{"name":"(anonymous_0)","decl":{"start":{"line":13,"column":28},"end":{"line":13,"column":29}},"loc":{"start":{"line":13,"column":48},"end":{"line":39,"column":1}},"line":13},"1":{"name":"(anonymous_1)","decl":{"start":{"line":41,"column":21},"end":{"line":41,"column":22}},"loc":{"start":{"line":41,"column":37},"end":{"line":60,"column":1}},"line":41},"2":{"name":"(anonymous_2)","decl":{"start":{"line":63,"column":20},"end":{"line":63,"column":21}},"loc":{"start":{"line":63,"column":37},"end":{"line":87,"column":1}},"line":63}},"branchMap":{"0":{"loc":{"start":{"line":66,"column":8},"end":{"line":81,"column":9}},"type":"if","locations":[{"start":{"line":66,"column":8},"end":{"line":81,"column":9}},{"start":{"line":79,"column":8},"end":{"line":81,"column":9}}],"line":66}},"s":{"0":7,"1":7,"2":7,"3":7,"4":7,"5":7,"6":7,"7":7,"8":7,"9":7,"10":7,"11":0,"12":0,"13":0,"14":0,"15":0,"16":0,"17":0,"18":0,"19":0,"20":0,"21":0,"22":0,"23":0,"24":0,"25":0,"26":0,"27":0,"28":0,"29":0,"30":7,"31":0,"32":0,"33":0,"34":0,"35":0,"36":0,"37":0,"38":0,"39":0,"40":0,"41":0,"42":0,"43":0,"44":0,"45":7,"46":0,"47":0,"48":0,"49":0,"50":0,"51":0,"52":0,"53":0,"54":0,"55":0},"f":{"0":0,"1":0,"2":0},"b":{"0":[0,0]},"_coverageSchema":"1a1c01bbd47fc00a2c39e90264f33305004495a9","hash":"6bf4fedfd84e348e0ab9f90f5eee83a04bd1c890"}
,"C:\\Users\\Lenovo\\Desktop\\DreamSpaces\\controllers\\Commercial_rent.js": {"path":"C:\\Users\\Lenovo\\Desktop\\DreamSpaces\\controllers\\Commercial_rent.js","statementMap":{"0":{"start":{"line":1,"column":17},"end":{"line":1,"column":36}},"1":{"start":{"line":2,"column":30},"end":{"line":2,"column":65}},"2":{"start":{"line":3,"column":15},"end":{"line":3,"column":42}},"3":{"start":{"line":5,"column":0},"end":{"line":99,"column":1}},"4":{"start":{"line":7,"column":4},"end":{"line":98,"column":5}},"5":{"start":{"line":44,"column":12},"end":{"line":44,"column":20}},"6":{"start":{"line":46,"column":27},"end":{"line":46,"column":59}},"7":{"start":{"line":46,"column":49},"end":{"line":46,"column":58}},"8":{"start":{"line":47,"column":22},"end":{"line":86,"column":10}},"9":{"start":{"line":88,"column":8},"end":{"line":88,"column":27}},"10":{"start":{"line":90,"column":25},"end":{"line":90,"column":78}},"11":{"start":{"line":91,"column":8},"end":{"line":91,"column":97}},"12":{"start":{"line":93,"column":8},"end":{"line":93,"column":74}},"13":{"start":{"line":96,"column":8},"end":{"line":96,"column":29}},"14":{"start":{"line":97,"column":8},"end":{"line":97,"column":64}}},"fnMap":{"0":{"name":"(anonymous_0)","decl":{"start":{"line":5,"column":25},"end":{"line":5,"column":26}},"loc":{"start":{"line":5,"column":44},"end":{"line":99,"column":1}},"line":5},"1":{"name":"(anonymous_1)","decl":{"start":{"line":46,"column":41},"end":{"line":46,"column":42}},"loc":{"start":{"line":46,"column":49},"end":{"line":46,"column":58}},"line":46}},"branchMap":{},"s":{"0":7,"1":7,"2":7,"3":7,"4":1,"5":1,"6":1,"7":1,"8":1,"9":1,"10":1,"11":1,"12":1,"13":0,"14":0},"f":{"0":1,"1":1},"b":{},"_coverageSchema":"1a1c01bbd47fc00a2c39e90264f33305004495a9","hash":"c72e038f35b3b444900491a07ecd6c3e4082846d"}
,"C:\\Users\\Lenovo\\Desktop\\DreamSpaces\\controllers\\Commercial_sale.js": {"path":"C:\\Users\\Lenovo\\Desktop\\DreamSpaces\\controllers\\Commercial_sale.js","statementMap":{"0":{"start":{"line":1,"column":17},"end":{"line":1,"column":36}},"1":{"start":{"line":2,"column":30},"end":{"line":2,"column":65}},"2":{"start":{"line":3,"column":15},"end":{"line":3,"column":42}},"3":{"start":{"line":5,"column":0},"end":{"line":95,"column":1}},"4":{"start":{"line":7,"column":4},"end":{"line":94,"column":5}},"5":{"start":{"line":42,"column":12},"end":{"line":42,"column":20}},"6":{"start":{"line":44,"column":27},"end":{"line":44,"column":59}},"7":{"start":{"line":44,"column":49},"end":{"line":44,"column":58}},"8":{"start":{"line":45,"column":22},"end":{"line":82,"column":10}},"9":{"start":{"line":84,"column":8},"end":{"line":84,"column":27}},"10":{"start":{"line":86,"column":25},"end":{"line":86,"column":78}},"11":{"start":{"line":87,"column":8},"end":{"line":87,"column":97}},"12":{"start":{"line":89,"column":8},"end":{"line":89,"column":74}},"13":{"start":{"line":92,"column":8},"end":{"line":92,"column":29}},"14":{"start":{"line":93,"column":8},"end":{"line":93,"column":64}}},"fnMap":{"0":{"name":"(anonymous_0)","decl":{"start":{"line":5,"column":25},"end":{"line":5,"column":26}},"loc":{"start":{"line":5,"column":44},"end":{"line":95,"column":1}},"line":5},"1":{"name":"(anonymous_1)","decl":{"start":{"line":44,"column":41},"end":{"line":44,"column":42}},"loc":{"start":{"line":44,"column":49},"end":{"line":44,"column":58}},"line":44}},"branchMap":{},"s":{"0":7,"1":7,"2":7,"3":7,"4":1,"5":1,"6":1,"7":1,"8":1,"9":1,"10":1,"11":1,"12":1,"13":0,"14":0},"f":{"0":1,"1":1},"b":{},"_coverageSchema":"1a1c01bbd47fc00a2c39e90264f33305004495a9","hash":"0bffebf534a0a902cd4b39a1dbc3453495c6a63e"}
,"C:\\Users\\Lenovo\\Desktop\\DreamSpaces\\controllers\\PropertyDetails.js": {"path":"C:\\Users\\Lenovo\\Desktop\\DreamSpaces\\controllers\\PropertyDetails.js","statementMap":{"0":{"start":{"line":1,"column":17},"end":{"line":1,"column":36}},"1":{"start":{"line":2,"column":17},"end":{"line":2,"column":53}},"2":{"start":{"line":3,"column":16},"end":{"line":3,"column":52}},"3":{"start":{"line":4,"column":17},"end":{"line":4,"column":58}},"4":{"start":{"line":5,"column":17},"end":{"line":5,"column":52}},"5":{"start":{"line":6,"column":16},"end":{"line":6,"column":51}},"6":{"start":{"line":7,"column":17},"end":{"line":7,"column":46}},"7":{"start":{"line":8,"column":17},"end":{"line":8,"column":45}},"8":{"start":{"line":9,"column":15},"end":{"line":9,"column":42}},"9":{"start":{"line":10,"column":16},"end":{"line":10,"column":44}},"10":{"start":{"line":12,"column":0},"end":{"line":114,"column":1}},"11":{"start":{"line":13,"column":4},"end":{"line":113,"column":5}},"12":{"start":{"line":14,"column":26},"end":{"line":14,"column":45}},"13":{"start":{"line":15,"column":23},"end":{"line":15,"column":64}},"14":{"start":{"line":16,"column":24},"end":{"line":16,"column":66}},"15":{"start":{"line":17,"column":23},"end":{"line":17,"column":64}},"16":{"start":{"line":18,"column":24},"end":{"line":18,"column":66}},"17":{"start":{"line":19,"column":24},"end":{"line":19,"column":66}},"18":{"start":{"line":20,"column":23},"end":{"line":20,"column":64}},"19":{"start":{"line":21,"column":24},"end":{"line":21,"column":66}},"20":{"start":{"line":22,"column":24},"end":{"line":22,"column":66}},"21":{"start":{"line":24,"column":8},"end":{"line":108,"column":9}},"22":{"start":{"line":25,"column":26},"end":{"line":25,"column":72}},"23":{"start":{"line":26,"column":28},"end":{"line":26,"column":82}},"24":{"start":{"line":27,"column":24},"end":{"line":27,"column":66}},"25":{"start":{"line":28,"column":24},"end":{"line":28,"column":26}},"26":{"start":{"line":29,"column":12},"end":{"line":32,"column":13}},"27":{"start":{"line":29,"column":22},"end":{"line":29,"column":23}},"28":{"start":{"line":31,"column":16},"end":{"line":31,"column":76}},"29":{"start":{"line":34,"column":12},"end":{"line":34,"column":173}},"30":{"start":{"line":36,"column":13},"end":{"line":108,"column":9}},"31":{"start":{"line":37,"column":26},"end":{"line":37,"column":71}},"32":{"start":{"line":38,"column":28},"end":{"line":38,"column":82}},"33":{"start":{"line":39,"column":24},"end":{"line":39,"column":66}},"34":{"start":{"line":40,"column":24},"end":{"line":40,"column":26}},"35":{"start":{"line":41,"column":12},"end":{"line":44,"column":13}},"36":{"start":{"line":41,"column":22},"end":{"line":41,"column":23}},"37":{"start":{"line":43,"column":16},"end":{"line":43,"column":76}},"38":{"start":{"line":46,"column":12},"end":{"line":46,"column":171}},"39":{"start":{"line":48,"column":13},"end":{"line":108,"column":9}},"40":{"start":{"line":49,"column":26},"end":{"line":49,"column":72}},"41":{"start":{"line":50,"column":28},"end":{"line":50,"column":82}},"42":{"start":{"line":51,"column":24},"end":{"line":51,"column":66}},"43":{"start":{"line":52,"column":24},"end":{"line":52,"column":26}},"44":{"start":{"line":53,"column":12},"end":{"line":56,"column":13}},"45":{"start":{"line":53,"column":22},"end":{"line":53,"column":23}},"46":{"start":{"line":55,"column":16},"end":{"line":55,"column":76}},"47":{"start":{"line":58,"column":12},"end":{"line":58,"column":178}},"48":{"start":{"line":60,"column":13},"end":{"line":108,"column":9}},"49":{"start":{"line":61,"column":26},"end":{"line":61,"column":72}},"50":{"start":{"line":62,"column":28},"end":{"line":62,"column":82}},"51":{"start":{"line":64,"column":24},"end":{"line":64,"column":66}},"52":{"start":{"line":66,"column":24},"end":{"line":66,"column":26}},"53":{"start":{"line":67,"column":12},"end":{"line":70,"column":13}},"54":{"start":{"line":67,"column":22},"end":{"line":67,"column":23}},"55":{"start":{"line":69,"column":16},"end":{"line":69,"column":76}},"56":{"start":{"line":71,"column":12},"end":{"line":71,"column":172}},"57":{"start":{"line":73,"column":13},"end":{"line":108,"column":9}},"58":{"start":{"line":74,"column":26},"end":{"line":74,"column":71}},"59":{"start":{"line":75,"column":28},"end":{"line":75,"column":82}},"60":{"start":{"line":76,"column":24},"end":{"line":76,"column":66}},"61":{"start":{"line":77,"column":24},"end":{"line":77,"column":26}},"62":{"start":{"line":78,"column":12},"end":{"line":81,"column":13}},"63":{"start":{"line":78,"column":22},"end":{"line":78,"column":23}},"64":{"start":{"line":80,"column":16},"end":{"line":80,"column":76}},"65":{"start":{"line":83,"column":12},"end":{"line":83,"column":170}},"66":{"start":{"line":85,"column":13},"end":{"line":108,"column":9}},"67":{"start":{"line":86,"column":26},"end":{"line":86,"column":72}},"68":{"start":{"line":87,"column":28},"end":{"line":87,"column":82}},"69":{"start":{"line":88,"column":24},"end":{"line":88,"column":66}},"70":{"start":{"line":89,"column":24},"end":{"line":89,"column":26}},"71":{"start":{"line":90,"column":12},"end":{"line":93,"column":13}},"72":{"start":{"line":90,"column":22},"end":{"line":90,"column":23}},"73":{"start":{"line":92,"column":16},"end":{"line":92,"column":76}},"74":{"start":{"line":95,"column":12},"end":{"line":95,"column":165}},"75":{"start":{"line":97,"column":13},"end":{"line":108,"column":9}},"76":{"start":{"line":98,"column":26},"end":{"line":98,"column":72}},"77":{"start":{"line":99,"column":28},"end":{"line":99,"column":82}},"78":{"start":{"line":100,"column":24},"end":{"line":100,"column":66}},"79":{"start":{"line":101,"column":24},"end":{"line":101,"column":26}},"80":{"start":{"line":102,"column":12},"end":{"line":105,"column":13}},"81":{"start":{"line":102,"column":22},"end":{"line":102,"column":23}},"82":{"start":{"line":104,"column":16},"end":{"line":104,"column":76}},"83":{"start":{"line":107,"column":12},"end":{"line":107,"column":173}},"84":{"start":{"line":111,"column":8},"end":{"line":111,"column":29}},"85":{"start":{"line":112,"column":8},"end":{"line":112,"column":64}}},"fnMap":{"0":{"name":"(anonymous_0)","decl":{"start":{"line":12,"column":23},"end":{"line":12,"column":24}},"loc":{"start":{"line":12,"column":41},"end":{"line":114,"column":1}},"line":12}},"branchMap":{"0":{"loc":{"start":{"line":24,"column":8},"end":{"line":108,"column":9}},"type":"if","locations":[{"start":{"line":24,"column":8},"end":{"line":108,"column":9}},{"start":{"line":36,"column":13},"end":{"line":108,"column":9}}],"line":24},"1":{"loc":{"start":{"line":26,"column":28},"end":{"line":26,"column":82}},"type":"binary-expr","locations":[{"start":{"line":26,"column":28},"end":{"line":26,"column":76}},{"start":{"line":26,"column":80},"end":{"line":26,"column":82}}],"line":26},"2":{"loc":{"start":{"line":27,"column":24},"end":{"line":27,"column":66}},"type":"cond-expr","locations":[{"start":{"line":27,"column":41},"end":{"line":27,"column":62}},{"start":{"line":27,"column":65},"end":{"line":27,"column":66}}],"line":27},"3":{"loc":{"start":{"line":36,"column":13},"end":{"line":108,"column":9}},"type":"if","locations":[{"start":{"line":36,"column":13},"end":{"line":108,"column":9}},{"start":{"line":48,"column":13},"end":{"line":108,"column":9}}],"line":36},"4":{"loc":{"start":{"line":38,"column":28},"end":{"line":38,"column":82}},"type":"binary-expr","locations":[{"start":{"line":38,"column":28},"end":{"line":38,"column":76}},{"start":{"line":38,"column":80},"end":{"line":38,"column":82}}],"line":38},"5":{"loc":{"start":{"line":39,"column":24},"end":{"line":39,"column":66}},"type":"cond-expr","locations":[{"start":{"line":39,"column":41},"end":{"line":39,"column":62}},{"start":{"line":39,"column":65},"end":{"line":39,"column":66}}],"line":39},"6":{"loc":{"start":{"line":48,"column":13},"end":{"line":108,"column":9}},"type":"if","locations":[{"start":{"line":48,"column":13},"end":{"line":108,"column":9}},{"start":{"line":60,"column":13},"end":{"line":108,"column":9}}],"line":48},"7":{"loc":{"start":{"line":50,"column":28},"end":{"line":50,"column":82}},"type":"binary-expr","locations":[{"start":{"line":50,"column":28},"end":{"line":50,"column":76}},{"start":{"line":50,"column":80},"end":{"line":50,"column":82}}],"line":50},"8":{"loc":{"start":{"line":51,"column":24},"end":{"line":51,"column":66}},"type":"cond-expr","locations":[{"start":{"line":51,"column":41},"end":{"line":51,"column":62}},{"start":{"line":51,"column":65},"end":{"line":51,"column":66}}],"line":51},"9":{"loc":{"start":{"line":60,"column":13},"end":{"line":108,"column":9}},"type":"if","locations":[{"start":{"line":60,"column":13},"end":{"line":108,"column":9}},{"start":{"line":73,"column":13},"end":{"line":108,"column":9}}],"line":60},"10":{"loc":{"start":{"line":62,"column":28},"end":{"line":62,"column":82}},"type":"binary-expr","locations":[{"start":{"line":62,"column":28},"end":{"line":62,"column":76}},{"start":{"line":62,"column":80},"end":{"line":62,"column":82}}],"line":62},"11":{"loc":{"start":{"line":64,"column":24},"end":{"line":64,"column":66}},"type":"cond-expr","locations":[{"start":{"line":64,"column":41},"end":{"line":64,"column":62}},{"start":{"line":64,"column":65},"end":{"line":64,"column":66}}],"line":64},"12":{"loc":{"start":{"line":73,"column":13},"end":{"line":108,"column":9}},"type":"if","locations":[{"start":{"line":73,"column":13},"end":{"line":108,"column":9}},{"start":{"line":85,"column":13},"end":{"line":108,"column":9}}],"line":73},"13":{"loc":{"start":{"line":75,"column":28},"end":{"line":75,"column":82}},"type":"binary-expr","locations":[{"start":{"line":75,"column":28},"end":{"line":75,"column":76}},{"start":{"line":75,"column":80},"end":{"line":75,"column":82}}],"line":75},"14":{"loc":{"start":{"line":76,"column":24},"end":{"line":76,"column":66}},"type":"cond-expr","locations":[{"start":{"line":76,"column":41},"end":{"line":76,"column":62}},{"start":{"line":76,"column":65},"end":{"line":76,"column":66}}],"line":76},"15":{"loc":{"start":{"line":85,"column":13},"end":{"line":108,"column":9}},"type":"if","locations":[{"start":{"line":85,"column":13},"end":{"line":108,"column":9}},{"start":{"line":97,"column":13},"end":{"line":108,"column":9}}],"line":85},"16":{"loc":{"start":{"line":87,"column":28},"end":{"line":87,"column":82}},"type":"binary-expr","locations":[{"start":{"line":87,"column":28},"end":{"line":87,"column":76}},{"start":{"line":87,"column":80},"end":{"line":87,"column":82}}],"line":87},"17":{"loc":{"start":{"line":88,"column":24},"end":{"line":88,"column":66}},"type":"cond-expr","locations":[{"start":{"line":88,"column":41},"end":{"line":88,"column":62}},{"start":{"line":88,"column":65},"end":{"line":88,"column":66}}],"line":88},"18":{"loc":{"start":{"line":97,"column":13},"end":{"line":108,"column":9}},"type":"if","locations":[{"start":{"line":97,"column":13},"end":{"line":108,"column":9}},{"start":{},"end":{}}],"line":97},"19":{"loc":{"start":{"line":99,"column":28},"end":{"line":99,"column":82}},"type":"binary-expr","locations":[{"start":{"line":99,"column":28},"end":{"line":99,"column":76}},{"start":{"line":99,"column":80},"end":{"line":99,"column":82}}],"line":99},"20":{"loc":{"start":{"line":100,"column":24},"end":{"line":100,"column":66}},"type":"cond-expr","locations":[{"start":{"line":100,"column":41},"end":{"line":100,"column":62}},{"start":{"line":100,"column":65},"end":{"line":100,"column":66}}],"line":100}},"s":{"0":7,"1":7,"2":7,"3":7,"4":7,"5":7,"6":7,"7":7,"8":7,"9":7,"10":7,"11":0,"12":0,"13":0,"14":0,"15":0,"16":0,"17":0,"18":0,"19":0,"20":0,"21":0,"22":0,"23":0,"24":0,"25":0,"26":0,"27":0,"28":0,"29":0,"30":0,"31":0,"32":0,"33":0,"34":0,"35":0,"36":0,"37":0,"38":0,"39":0,"40":0,"41":0,"42":0,"43":0,"44":0,"45":0,"46":0,"47":0,"48":0,"49":0,"50":0,"51":0,"52":0,"53":0,"54":0,"55":0,"56":0,"57":0,"58":0,"59":0,"60":0,"61":0,"62":0,"63":0,"64":0,"65":0,"66":0,"67":0,"68":0,"69":0,"70":0,"71":0,"72":0,"73":0,"74":0,"75":0,"76":0,"77":0,"78":0,"79":0,"80":0,"81":0,"82":0,"83":0,"84":0,"85":0},"f":{"0":0},"b":{"0":[0,0],"1":[0,0],"2":[0,0],"3":[0,0],"4":[0,0],"5":[0,0],"6":[0,0],"7":[0,0],"8":[0,0],"9":[0,0],"10":[0,0],"11":[0,0],"12":[0,0],"13":[0,0],"14":[0,0],"15":[0,0],"16":[0,0],"17":[0,0],"18":[0,0],"19":[0,0],"20":[0,0]},"_coverageSchema":"1a1c01bbd47fc00a2c39e90264f33305004495a9","hash":"8dc6dae001be641872d6e8cec612e4179e387d65"}
,"C:\\Users\\Lenovo\\Desktop\\DreamSpaces\\controllers\\Property_Listings.js": {"path":"C:\\Users\\Lenovo\\Desktop\\DreamSpaces\\controllers\\Property_Listings.js","statementMap":{"0":{"start":{"line":1,"column":17},"end":{"line":1,"column":36}},"1":{"start":{"line":2,"column":17},"end":{"line":2,"column":53}},"2":{"start":{"line":3,"column":16},"end":{"line":3,"column":52}},"3":{"start":{"line":4,"column":17},"end":{"line":4,"column":58}},"4":{"start":{"line":5,"column":17},"end":{"line":5,"column":52}},"5":{"start":{"line":6,"column":16},"end":{"line":6,"column":51}},"6":{"start":{"line":7,"column":17},"end":{"line":7,"column":46}},"7":{"start":{"line":8,"column":17},"end":{"line":8,"column":45}},"8":{"start":{"line":9,"column":15},"end":{"line":9,"column":42}},"9":{"start":{"line":11,"column":0},"end":{"line":134,"column":1}},"10":{"start":{"line":12,"column":4},"end":{"line":133,"column":5}},"11":{"start":{"line":13,"column":47},"end":{"line":13,"column":55}},"12":{"start":{"line":14,"column":8},"end":{"line":128,"column":9}},"13":{"start":{"line":15,"column":29},"end":{"line":15,"column":63}},"14":{"start":{"line":16,"column":24},"end":{"line":16,"column":39}},"15":{"start":{"line":17,"column":24},"end":{"line":17,"column":26}},"16":{"start":{"line":18,"column":12},"end":{"line":21,"column":13}},"17":{"start":{"line":18,"column":22},"end":{"line":18,"column":23}},"18":{"start":{"line":20,"column":16},"end":{"line":20,"column":78}},"19":{"start":{"line":23,"column":12},"end":{"line":28,"column":13}},"20":{"start":{"line":24,"column":16},"end":{"line":24,"column":78}},"21":{"start":{"line":27,"column":16},"end":{"line":27,"column":69}},"22":{"start":{"line":30,"column":13},"end":{"line":128,"column":9}},"23":{"start":{"line":31,"column":29},"end":{"line":31,"column":62}},"24":{"start":{"line":32,"column":24},"end":{"line":32,"column":39}},"25":{"start":{"line":33,"column":24},"end":{"line":33,"column":26}},"26":{"start":{"line":34,"column":12},"end":{"line":37,"column":13}},"27":{"start":{"line":34,"column":22},"end":{"line":34,"column":23}},"28":{"start":{"line":36,"column":16},"end":{"line":36,"column":78}},"29":{"start":{"line":39,"column":12},"end":{"line":44,"column":13}},"30":{"start":{"line":40,"column":16},"end":{"line":40,"column":78}},"31":{"start":{"line":43,"column":16},"end":{"line":43,"column":69}},"32":{"start":{"line":46,"column":13},"end":{"line":128,"column":9}},"33":{"start":{"line":47,"column":29},"end":{"line":47,"column":63}},"34":{"start":{"line":48,"column":24},"end":{"line":48,"column":39}},"35":{"start":{"line":49,"column":24},"end":{"line":49,"column":26}},"36":{"start":{"line":50,"column":12},"end":{"line":53,"column":13}},"37":{"start":{"line":50,"column":22},"end":{"line":50,"column":23}},"38":{"start":{"line":52,"column":16},"end":{"line":52,"column":78}},"39":{"start":{"line":55,"column":12},"end":{"line":60,"column":13}},"40":{"start":{"line":56,"column":16},"end":{"line":56,"column":78}},"41":{"start":{"line":59,"column":16},"end":{"line":59,"column":69}},"42":{"start":{"line":62,"column":13},"end":{"line":128,"column":9}},"43":{"start":{"line":63,"column":29},"end":{"line":63,"column":63}},"44":{"start":{"line":64,"column":24},"end":{"line":64,"column":39}},"45":{"start":{"line":65,"column":24},"end":{"line":65,"column":26}},"46":{"start":{"line":66,"column":12},"end":{"line":69,"column":13}},"47":{"start":{"line":66,"column":22},"end":{"line":66,"column":23}},"48":{"start":{"line":68,"column":16},"end":{"line":68,"column":78}},"49":{"start":{"line":71,"column":12},"end":{"line":76,"column":13}},"50":{"start":{"line":72,"column":16},"end":{"line":72,"column":78}},"51":{"start":{"line":75,"column":16},"end":{"line":75,"column":69}},"52":{"start":{"line":78,"column":13},"end":{"line":128,"column":9}},"53":{"start":{"line":79,"column":29},"end":{"line":79,"column":62}},"54":{"start":{"line":80,"column":24},"end":{"line":80,"column":39}},"55":{"start":{"line":81,"column":24},"end":{"line":81,"column":26}},"56":{"start":{"line":82,"column":12},"end":{"line":85,"column":13}},"57":{"start":{"line":82,"column":22},"end":{"line":82,"column":23}},"58":{"start":{"line":84,"column":16},"end":{"line":84,"column":78}},"59":{"start":{"line":87,"column":12},"end":{"line":92,"column":13}},"60":{"start":{"line":88,"column":16},"end":{"line":88,"column":78}},"61":{"start":{"line":91,"column":16},"end":{"line":91,"column":69}},"62":{"start":{"line":94,"column":13},"end":{"line":128,"column":9}},"63":{"start":{"line":95,"column":29},"end":{"line":95,"column":63}},"64":{"start":{"line":96,"column":24},"end":{"line":96,"column":39}},"65":{"start":{"line":97,"column":24},"end":{"line":97,"column":26}},"66":{"start":{"line":98,"column":12},"end":{"line":101,"column":13}},"67":{"start":{"line":98,"column":22},"end":{"line":98,"column":23}},"68":{"start":{"line":100,"column":16},"end":{"line":100,"column":78}},"69":{"start":{"line":103,"column":12},"end":{"line":108,"column":13}},"70":{"start":{"line":104,"column":16},"end":{"line":104,"column":78}},"71":{"start":{"line":107,"column":16},"end":{"line":107,"column":69}},"72":{"start":{"line":110,"column":13},"end":{"line":128,"column":9}},"73":{"start":{"line":111,"column":29},"end":{"line":111,"column":63}},"74":{"start":{"line":112,"column":24},"end":{"line":112,"column":39}},"75":{"start":{"line":113,"column":24},"end":{"line":113,"column":26}},"76":{"start":{"line":114,"column":12},"end":{"line":117,"column":13}},"77":{"start":{"line":114,"column":22},"end":{"line":114,"column":23}},"78":{"start":{"line":116,"column":16},"end":{"line":116,"column":78}},"79":{"start":{"line":119,"column":12},"end":{"line":124,"column":13}},"80":{"start":{"line":120,"column":16},"end":{"line":120,"column":78}},"81":{"start":{"line":123,"column":16},"end":{"line":123,"column":69}},"82":{"start":{"line":127,"column":12},"end":{"line":127,"column":65}},"83":{"start":{"line":131,"column":8},"end":{"line":131,"column":29}},"84":{"start":{"line":132,"column":8},"end":{"line":132,"column":64}}},"fnMap":{"0":{"name":"(anonymous_0)","decl":{"start":{"line":11,"column":28},"end":{"line":11,"column":29}},"loc":{"start":{"line":11,"column":46},"end":{"line":134,"column":1}},"line":11}},"branchMap":{"0":{"loc":{"start":{"line":14,"column":8},"end":{"line":128,"column":9}},"type":"if","locations":[{"start":{"line":14,"column":8},"end":{"line":128,"column":9}},{"start":{"line":30,"column":13},"end":{"line":128,"column":9}}],"line":14},"1":{"loc":{"start":{"line":14,"column":11},"end":{"line":14,"column":64}},"type":"binary-expr","locations":[{"start":{"line":14,"column":11},"end":{"line":14,"column":42}},{"start":{"line":14,"column":46},"end":{"line":14,"column":64}}],"line":14},"2":{"loc":{"start":{"line":23,"column":12},"end":{"line":28,"column":13}},"type":"if","locations":[{"start":{"line":23,"column":12},"end":{"line":28,"column":13}},{"start":{"line":26,"column":17},"end":{"line":28,"column":13}}],"line":23},"3":{"loc":{"start":{"line":30,"column":13},"end":{"line":128,"column":9}},"type":"if","locations":[{"start":{"line":30,"column":13},"end":{"line":128,"column":9}},{"start":{"line":46,"column":13},"end":{"line":128,"column":9}}],"line":30},"4":{"loc":{"start":{"line":30,"column":16},"end":{"line":30,"column":68}},"type":"binary-expr","locations":[{"start":{"line":30,"column":16},"end":{"line":30,"column":47}},{"start":{"line":30,"column":51},"end":{"line":30,"column":68}}],"line":30},"5":{"loc":{"start":{"line":39,"column":12},"end":{"line":44,"column":13}},"type":"if","locations":[{"start":{"line":39,"column":12},"end":{"line":44,"column":13}},{"start":{"line":42,"column":17},"end":{"line":44,"column":13}}],"line":39},"6":{"loc":{"start":{"line":46,"column":13},"end":{"line":128,"column":9}},"type":"if","locations":[{"start":{"line":46,"column":13},"end":{"line":128,"column":9}},{"start":{"line":62,"column":13},"end":{"line":128,"column":9}}],"line":46},"7":{"loc":{"start":{"line":46,"column":16},"end":{"line":46,"column":74}},"type":"binary-expr","locations":[{"start":{"line":46,"column":16},"end":{"line":46,"column":47}},{"start":{"line":46,"column":51},"end":{"line":46,"column":74}}],"line":46},"8":{"loc":{"start":{"line":55,"column":12},"end":{"line":60,"column":13}},"type":"if","locations":[{"start":{"line":55,"column":12},"end":{"line":60,"column":13}},{"start":{"line":58,"column":17},"end":{"line":60,"column":13}}],"line":55},"9":{"loc":{"start":{"line":62,"column":13},"end":{"line":128,"column":9}},"type":"if","locations":[{"start":{"line":62,"column":13},"end":{"line":128,"column":9}},{"start":{"line":78,"column":13},"end":{"line":128,"column":9}}],"line":62},"10":{"loc":{"start":{"line":62,"column":16},"end":{"line":62,"column":68}},"type":"binary-expr","locations":[{"start":{"line":62,"column":16},"end":{"line":62,"column":46}},{"start":{"line":62,"column":50},"end":{"line":62,"column":68}}],"line":62},"11":{"loc":{"start":{"line":71,"column":12},"end":{"line":76,"column":13}},"type":"if","locations":[{"start":{"line":71,"column":12},"end":{"line":76,"column":13}},{"start":{"line":74,"column":17},"end":{"line":76,"column":13}}],"line":71},"12":{"loc":{"start":{"line":78,"column":13},"end":{"line":128,"column":9}},"type":"if","locations":[{"start":{"line":78,"column":13},"end":{"line":128,"column":9}},{"start":{"line":94,"column":13},"end":{"line":128,"column":9}}],"line":78},"13":{"loc":{"start":{"line":78,"column":16},"end":{"line":78,"column":67}},"type":"binary-expr","locations":[{"start":{"line":78,"column":16},"end":{"line":78,"column":46}},{"start":{"line":78,"column":50},"end":{"line":78,"column":67}}],"line":78},"14":{"loc":{"start":{"line":87,"column":12},"end":{"line":92,"column":13}},"type":"if","locations":[{"start":{"line":87,"column":12},"end":{"line":92,"column":13}},{"start":{"line":90,"column":17},"end":{"line":92,"column":13}}],"line":87},"15":{"loc":{"start":{"line":94,"column":13},"end":{"line":128,"column":9}},"type":"if","locations":[{"start":{"line":94,"column":13},"end":{"line":128,"column":9}},{"start":{"line":110,"column":13},"end":{"line":128,"column":9}}],"line":94},"16":{"loc":{"start":{"line":94,"column":16},"end":{"line":94,"column":61}},"type":"binary-expr","locations":[{"start":{"line":94,"column":16},"end":{"line":94,"column":40}},{"start":{"line":94,"column":44},"end":{"line":94,"column":61}}],"line":94},"17":{"loc":{"start":{"line":103,"column":12},"end":{"line":108,"column":13}},"type":"if","locations":[{"start":{"line":103,"column":12},"end":{"line":108,"column":13}},{"start":{"line":106,"column":17},"end":{"line":108,"column":13}}],"line":103},"18":{"loc":{"start":{"line":110,"column":13},"end":{"line":128,"column":9}},"type":"if","locations":[{"start":{"line":110,"column":13},"end":{"line":128,"column":9}},{"start":{"line":126,"column":12},"end":{"line":128,"column":9}}],"line":110},"19":{"loc":{"start":{"line":110,"column":16},"end":{"line":110,"column":69}},"type":"binary-expr","locations":[{"start":{"line":110,"column":16},"end":{"line":110,"column":40}},{"start":{"line":110,"column":44},"end":{"line":110,"column":69}}],"line":110},"20":{"loc":{"start":{"line":119,"column":12},"end":{"line":124,"column":13}},"type":"if","locations":[{"start":{"line":119,"column":12},"end":{"line":124,"column":13}},{"start":{"line":122,"column":17},"end":{"line":124,"column":13}}],"line":119}},"s":{"0":7,"1":7,"2":7,"3":7,"4":7,"5":7,"6":7,"7":7,"8":7,"9":7,"10":1,"11":1,"12":1,"13":0,"14":0,"15":0,"16":0,"17":0,"18":0,"19":0,"20":0,"21":0,"22":1,"23":0,"24":0,"25":0,"26":0,"27":0,"28":0,"29":0,"30":0,"31":0,"32":1,"33":0,"34":0,"35":0,"36":0,"37":0,"38":0,"39":0,"40":0,"41":0,"42":1,"43":0,"44":0,"45":0,"46":0,"47":0,"48":0,"49":0,"50":0,"51":0,"52":1,"53":0,"54":0,"55":0,"56":0,"57":0,"58":0,"59":0,"60":0,"61":0,"62":1,"63":0,"64":0,"65":0,"66":0,"67":0,"68":0,"69":0,"70":0,"71":0,"72":1,"73":0,"74":0,"75":0,"76":0,"77":0,"78":0,"79":0,"80":0,"81":0,"82":1,"83":0,"84":0},"f":{"0":1},"b":{"0":[0,1],"1":[1,0],"2":[0,0],"3":[0,1],"4":[1,0],"5":[0,0],"6":[0,1],"7":[1,0],"8":[0,0],"9":[0,1],"10":[1,0],"11":[0,0],"12":[0,1],"13":[1,0],"14":[0,0],"15":[0,1],"16":[1,0],"17":[0,0],"18":[0,1],"19":[1,0],"20":[0,0]},"_coverageSchema":"1a1c01bbd47fc00a2c39e90264f33305004495a9","hash":"ba986ecda589ef1f4f513c5af7137eb836d286c4"}
,"C:\\Users\\Lenovo\\Desktop\\DreamSpaces\\controllers\\Registration.js": {"path":"C:\\Users\\Lenovo\\Desktop\\DreamSpaces\\controllers\\Registration.js","statementMap":{"0":{"start":{"line":2,"column":15},"end":{"line":2,"column":32}},"1":{"start":{"line":3,"column":17},"end":{"line":3,"column":36}},"2":{"start":{"line":4,"column":15},"end":{"line":4,"column":42}},"3":{"start":{"line":5,"column":19},"end":{"line":5,"column":40}},"4":{"start":{"line":6,"column":18},"end":{"line":6,"column":39}},"5":{"start":{"line":7,"column":15},"end":{"line":7,"column":32}},"6":{"start":{"line":8,"column":15},"end":{"line":8,"column":32}},"7":{"start":{"line":9,"column":0},"end":{"line":9,"column":27}},"8":{"start":{"line":11,"column":17},"end":{"line":11,"column":47}},"9":{"start":{"line":14,"column":20},"end":{"line":20,"column":2}},"10":{"start":{"line":31,"column":23},"end":{"line":31,"column":93}},"11":{"start":{"line":32,"column":19},"end":{"line":32,"column":30}},"12":{"start":{"line":33,"column":25},"end":{"line":33,"column":38}},"13":{"start":{"line":35,"column":20},"end":{"line":35,"column":38}},"14":{"start":{"line":36,"column":24},"end":{"line":36,"column":45}},"15":{"start":{"line":38,"column":4},"end":{"line":38,"column":98}},"16":{"start":{"line":42,"column":4},"end":{"line":42,"column":31}},"17":{"start":{"line":47,"column":4},"end":{"line":47,"column":55}},"18":{"start":{"line":51,"column":0},"end":{"line":115,"column":1}},"19":{"start":{"line":52,"column":4},"end":{"line":114,"column":5}},"20":{"start":{"line":53,"column":76},"end":{"line":53,"column":84}},"21":{"start":{"line":55,"column":31},"end":{"line":55,"column":50}},"22":{"start":{"line":58,"column":27},"end":{"line":58,"column":59}},"23":{"start":{"line":60,"column":8},"end":{"line":110,"column":9}},"24":{"start":{"line":62,"column":12},"end":{"line":62,"column":32}},"25":{"start":{"line":66,"column":12},"end":{"line":68,"column":13}},"26":{"start":{"line":67,"column":16},"end":{"line":67,"column":79}},"27":{"start":{"line":71,"column":12},"end":{"line":73,"column":13}},"28":{"start":{"line":72,"column":16},"end":{"line":72,"column":79}},"29":{"start":{"line":76,"column":33},"end":{"line":76,"column":64}},"30":{"start":{"line":77,"column":12},"end":{"line":79,"column":13}},"31":{"start":{"line":78,"column":16},"end":{"line":78,"column":79}},"32":{"start":{"line":82,"column":34},"end":{"line":82,"column":65}},"33":{"start":{"line":83,"column":12},"end":{"line":85,"column":13}},"34":{"start":{"line":84,"column":16},"end":{"line":84,"column":86}},"35":{"start":{"line":88,"column":12},"end":{"line":90,"column":13}},"36":{"start":{"line":89,"column":16},"end":{"line":89,"column":81}},"37":{"start":{"line":92,"column":12},"end":{"line":94,"column":13}},"38":{"start":{"line":93,"column":16},"end":{"line":93,"column":120}},"39":{"start":{"line":96,"column":35},"end":{"line":96,"column":66}},"40":{"start":{"line":99,"column":28},"end":{"line":104,"column":14}},"41":{"start":{"line":105,"column":12},"end":{"line":105,"column":33}},"42":{"start":{"line":106,"column":12},"end":{"line":106,"column":88}},"43":{"start":{"line":109,"column":12},"end":{"line":109,"column":86}},"44":{"start":{"line":112,"column":8},"end":{"line":112,"column":29}},"45":{"start":{"line":113,"column":8},"end":{"line":113,"column":64}},"46":{"start":{"line":118,"column":0},"end":{"line":161,"column":1}},"47":{"start":{"line":119,"column":22},"end":{"line":119,"column":30}},"48":{"start":{"line":120,"column":4},"end":{"line":160,"column":5}},"49":{"start":{"line":122,"column":30},"end":{"line":122,"column":68}},"50":{"start":{"line":123,"column":8},"end":{"line":126,"column":9}},"51":{"start":{"line":125,"column":12},"end":{"line":125,"column":93}},"52":{"start":{"line":133,"column":25},"end":{"line":133,"column":38}},"53":{"start":{"line":137,"column":8},"end":{"line":137,"column":38}},"54":{"start":{"line":141,"column":28},"end":{"line":146,"column":9}},"55":{"start":{"line":155,"column":8},"end":{"line":155,"column":48}},"56":{"start":{"line":156,"column":8},"end":{"line":156,"column":82}},"57":{"start":{"line":158,"column":8},"end":{"line":158,"column":51}},"58":{"start":{"line":159,"column":8},"end":{"line":159,"column":80}}},"fnMap":{"0":{"name":"validateEmail","decl":{"start":{"line":30,"column":9},"end":{"line":30,"column":22}},"loc":{"start":{"line":30,"column":30},"end":{"line":39,"column":1}},"line":30},"1":{"name":"validatePhone","decl":{"start":{"line":41,"column":9},"end":{"line":41,"column":22}},"loc":{"start":{"line":41,"column":30},"end":{"line":43,"column":1}},"line":41},"2":{"name":"generateOtp","decl":{"start":{"line":46,"column":9},"end":{"line":46,"column":20}},"loc":{"start":{"line":46,"column":23},"end":{"line":48,"column":1}},"line":46},"3":{"name":"(anonymous_3)","decl":{"start":{"line":51,"column":19},"end":{"line":51,"column":20}},"loc":{"start":{"line":51,"column":39},"end":{"line":115,"column":1}},"line":51},"4":{"name":"(anonymous_4)","decl":{"start":{"line":118,"column":21},"end":{"line":118,"column":22}},"loc":{"start":{"line":118,"column":40},"end":{"line":161,"column":1}},"line":118}},"branchMap":{"0":{"loc":{"start":{"line":38,"column":11},"end":{"line":38,"column":97}},"type":"binary-expr","locations":[{"start":{"line":38,"column":11},"end":{"line":38,"column":25}},{"start":{"line":38,"column":29},"end":{"line":38,"column":50}},{"start":{"line":38,"column":54},"end":{"line":38,"column":97}}],"line":38},"1":{"loc":{"start":{"line":60,"column":8},"end":{"line":110,"column":9}},"type":"if","locations":[{"start":{"line":60,"column":8},"end":{"line":110,"column":9}},{"start":{"line":107,"column":15},"end":{"line":110,"column":9}}],"line":60},"2":{"loc":{"start":{"line":60,"column":12},"end":{"line":60,"column":96}},"type":"binary-expr","locations":[{"start":{"line":60,"column":12},"end":{"line":60,"column":26}},{"start":{"line":60,"column":30},"end":{"line":60,"column":57}},{"start":{"line":60,"column":61},"end":{"line":60,"column":71}},{"start":{"line":60,"column":75},"end":{"line":60,"column":96}}],"line":60},"3":{"loc":{"start":{"line":66,"column":12},"end":{"line":68,"column":13}},"type":"if","locations":[{"start":{"line":66,"column":12},"end":{"line":68,"column":13}},{"start":{},"end":{}}],"line":66},"4":{"loc":{"start":{"line":71,"column":12},"end":{"line":73,"column":13}},"type":"if","locations":[{"start":{"line":71,"column":12},"end":{"line":73,"column":13}},{"start":{},"end":{}}],"line":71},"5":{"loc":{"start":{"line":77,"column":12},"end":{"line":79,"column":13}},"type":"if","locations":[{"start":{"line":77,"column":12},"end":{"line":79,"column":13}},{"start":{},"end":{}}],"line":77},"6":{"loc":{"start":{"line":83,"column":12},"end":{"line":85,"column":13}},"type":"if","locations":[{"start":{"line":83,"column":12},"end":{"line":85,"column":13}},{"start":{},"end":{}}],"line":83},"7":{"loc":{"start":{"line":88,"column":12},"end":{"line":90,"column":13}},"type":"if","locations":[{"start":{"line":88,"column":12},"end":{"line":90,"column":13}},{"start":{},"end":{}}],"line":88},"8":{"loc":{"start":{"line":92,"column":12},"end":{"line":94,"column":13}},"type":"if","locations":[{"start":{"line":92,"column":12},"end":{"line":94,"column":13}},{"start":{},"end":{}}],"line":92},"9":{"loc":{"start":{"line":123,"column":8},"end":{"line":126,"column":9}},"type":"if","locations":[{"start":{"line":123,"column":8},"end":{"line":126,"column":9}},{"start":{},"end":{}}],"line":123}},"s":{"0":7,"1":7,"2":7,"3":7,"4":7,"5":7,"6":7,"7":7,"8":7,"9":7,"10":13,"11":13,"12":13,"13":13,"14":13,"15":13,"16":12,"17":0,"18":7,"19":14,"20":14,"21":14,"22":14,"23":14,"24":13,"25":13,"26":1,"27":12,"28":1,"29":11,"30":11,"31":4,"32":7,"33":7,"34":0,"35":7,"36":0,"37":7,"38":0,"39":7,"40":7,"41":7,"42":7,"43":1,"44":0,"45":0,"46":7,"47":0,"48":0,"49":0,"50":0,"51":0,"52":0,"53":0,"54":0,"55":0,"56":0,"57":0,"58":0},"f":{"0":13,"1":12,"2":0,"3":14,"4":0},"b":{"0":[13,12,12],"1":[13,1],"2":[14,0,14,14],"3":[1,12],"4":[1,11],"5":[4,7],"6":[0,7],"7":[0,7],"8":[0,7],"9":[0,0]},"_coverageSchema":"1a1c01bbd47fc00a2c39e90264f33305004495a9","hash":"23af9db2438492ef67b448c4e0856013335828c9"}
,"C:\\Users\\Lenovo\\Desktop\\DreamSpaces\\controllers\\Report.js": {"path":"C:\\Users\\Lenovo\\Desktop\\DreamSpaces\\controllers\\Report.js","statementMap":{"0":{"start":{"line":1,"column":17},"end":{"line":1,"column":36}},"1":{"start":{"line":2,"column":16},"end":{"line":2,"column":44}},"2":{"start":{"line":4,"column":0},"end":{"line":34,"column":1}},"3":{"start":{"line":5,"column":4},"end":{"line":33,"column":5}},"4":{"start":{"line":6,"column":57},"end":{"line":6,"column":65}},"5":{"start":{"line":7,"column":31},"end":{"line":7,"column":94}},"6":{"start":{"line":8,"column":8},"end":{"line":28,"column":9}},"7":{"start":{"line":9,"column":12},"end":{"line":9,"column":93}},"8":{"start":{"line":10,"column":35},"end":{"line":10,"column":73}},"9":{"start":{"line":12,"column":12},"end":{"line":18,"column":13}},"10":{"start":{"line":13,"column":16},"end":{"line":13,"column":92}},"11":{"start":{"line":16,"column":16},"end":{"line":16,"column":174}},"12":{"start":{"line":17,"column":16},"end":{"line":17,"column":82}},"13":{"start":{"line":21,"column":31},"end":{"line":25,"column":14}},"14":{"start":{"line":26,"column":12},"end":{"line":26,"column":36}},"15":{"start":{"line":27,"column":12},"end":{"line":27,"column":78}},"16":{"start":{"line":31,"column":8},"end":{"line":31,"column":27}},"17":{"start":{"line":32,"column":8},"end":{"line":32,"column":62}}},"fnMap":{"0":{"name":"(anonymous_0)","decl":{"start":{"line":4,"column":18},"end":{"line":4,"column":19}},"loc":{"start":{"line":4,"column":36},"end":{"line":34,"column":1}},"line":4}},"branchMap":{"0":{"loc":{"start":{"line":8,"column":8},"end":{"line":28,"column":9}},"type":"if","locations":[{"start":{"line":8,"column":8},"end":{"line":28,"column":9}},{"start":{"line":20,"column":13},"end":{"line":28,"column":9}}],"line":8},"1":{"loc":{"start":{"line":12,"column":12},"end":{"line":18,"column":13}},"type":"if","locations":[{"start":{"line":12,"column":12},"end":{"line":18,"column":13}},{"start":{"line":15,"column":17},"end":{"line":18,"column":13}}],"line":12}},"s":{"0":7,"1":7,"2":7,"3":0,"4":0,"5":0,"6":0,"7":0,"8":0,"9":0,"10":0,"11":0,"12":0,"13":0,"14":0,"15":0,"16":0,"17":0},"f":{"0":0},"b":{"0":[0,0],"1":[0,0]},"_coverageSchema":"1a1c01bbd47fc00a2c39e90264f33305004495a9","hash":"1bc9a4941b11054f646750fd03083e3fc023b3b7"}
,"C:\\Users\\Lenovo\\Desktop\\DreamSpaces\\controllers\\Residential_rent.js": {"path":"C:\\Users\\Lenovo\\Desktop\\DreamSpaces\\controllers\\Residential_rent.js","statementMap":{"0":{"start":{"line":1,"column":17},"end":{"line":1,"column":36}},"1":{"start":{"line":2,"column":31},"end":{"line":2,"column":67}},"2":{"start":{"line":3,"column":15},"end":{"line":3,"column":42}},"3":{"start":{"line":5,"column":0},"end":{"line":90,"column":1}},"4":{"start":{"line":7,"column":4},"end":{"line":89,"column":5}},"5":{"start":{"line":41,"column":12},"end":{"line":41,"column":20}},"6":{"start":{"line":43,"column":27},"end":{"line":43,"column":59}},"7":{"start":{"line":43,"column":49},"end":{"line":43,"column":58}},"8":{"start":{"line":44,"column":22},"end":{"line":77,"column":10}},"9":{"start":{"line":79,"column":8},"end":{"line":79,"column":27}},"10":{"start":{"line":81,"column":25},"end":{"line":81,"column":79}},"11":{"start":{"line":82,"column":8},"end":{"line":82,"column":97}},"12":{"start":{"line":84,"column":8},"end":{"line":84,"column":74}},"13":{"start":{"line":87,"column":8},"end":{"line":87,"column":61}},"14":{"start":{"line":88,"column":8},"end":{"line":88,"column":64}},"15":{"start":{"line":93,"column":14},"end":{"line":93,"column":41}},"16":{"start":{"line":95,"column":0},"end":{"line":120,"column":2}},"17":{"start":{"line":96,"column":2},"end":{"line":119,"column":3}},"18":{"start":{"line":97,"column":21},"end":{"line":97,"column":45}},"19":{"start":{"line":99,"column":4},"end":{"line":99,"column":34}},"20":{"start":{"line":101,"column":19},"end":{"line":101,"column":44}},"21":{"start":{"line":102,"column":4},"end":{"line":105,"column":5}},"22":{"start":{"line":103,"column":25},"end":{"line":103,"column":81}},"23":{"start":{"line":104,"column":6},"end":{"line":104,"column":46}},"24":{"start":{"line":108,"column":23},"end":{"line":108,"column":58}},"25":{"start":{"line":110,"column":4},"end":{"line":112,"column":7}},"26":{"start":{"line":114,"column":4},"end":{"line":114,"column":37}},"27":{"start":{"line":115,"column":4},"end":{"line":115,"column":37}},"28":{"start":{"line":117,"column":4},"end":{"line":117,"column":23}},"29":{"start":{"line":118,"column":4},"end":{"line":118,"column":62}}},"fnMap":{"0":{"name":"(anonymous_0)","decl":{"start":{"line":5,"column":26},"end":{"line":5,"column":27}},"loc":{"start":{"line":5,"column":45},"end":{"line":90,"column":1}},"line":5},"1":{"name":"(anonymous_1)","decl":{"start":{"line":43,"column":41},"end":{"line":43,"column":42}},"loc":{"start":{"line":43,"column":49},"end":{"line":43,"column":58}},"line":43},"2":{"name":"(anonymous_2)","decl":{"start":{"line":95,"column":27},"end":{"line":95,"column":28}},"loc":{"start":{"line":95,"column":47},"end":{"line":120,"column":1}},"line":95}},"branchMap":{"0":{"loc":{"start":{"line":102,"column":4},"end":{"line":105,"column":5}},"type":"if","locations":[{"start":{"line":102,"column":4},"end":{"line":105,"column":5}},{"start":{},"end":{}}],"line":102},"1":{"loc":{"start":{"line":103,"column":25},"end":{"line":103,"column":81}},"type":"cond-expr","locations":[{"start":{"line":103,"column":54},"end":{"line":103,"column":72}},{"start":{"line":103,"column":75},"end":{"line":103,"column":81}}],"line":103}},"s":{"0":7,"1":7,"2":7,"3":7,"4":1,"5":1,"6":1,"7":1,"8":1,"9":1,"10":1,"11":1,"12":1,"13":0,"14":0,"15":7,"16":7,"17":0,"18":0,"19":0,"20":0,"21":0,"22":0,"23":0,"24":0,"25":0,"26":0,"27":0,"28":0,"29":0},"f":{"0":1,"1":1,"2":0},"b":{"0":[0,0],"1":[0,0]},"_coverageSchema":"1a1c01bbd47fc00a2c39e90264f33305004495a9","hash":"4221ab3becee835731a71841af4dc33f48755bdf"}
,"C:\\Users\\Lenovo\\Desktop\\DreamSpaces\\controllers\\Reviews.js": {"path":"C:\\Users\\Lenovo\\Desktop\\DreamSpaces\\controllers\\Reviews.js","statementMap":{"0":{"start":{"line":1,"column":17},"end":{"line":1,"column":36}},"1":{"start":{"line":2,"column":15},"end":{"line":2,"column":42}},"2":{"start":{"line":3,"column":16},"end":{"line":3,"column":44}},"3":{"start":{"line":5,"column":0},"end":{"line":52,"column":1}},"4":{"start":{"line":6,"column":4},"end":{"line":51,"column":5}},"5":{"start":{"line":7,"column":46},"end":{"line":7,"column":54}},"6":{"start":{"line":8,"column":31},"end":{"line":8,"column":78}},"7":{"start":{"line":9,"column":8},"end":{"line":46,"column":9}},"8":{"start":{"line":10,"column":12},"end":{"line":10,"column":77}},"9":{"start":{"line":11,"column":35},"end":{"line":11,"column":65}},"10":{"start":{"line":12,"column":12},"end":{"line":28,"column":13}},"11":{"start":{"line":14,"column":16},"end":{"line":14,"column":92}},"12":{"start":{"line":18,"column":35},"end":{"line":18,"column":82}},"13":{"start":{"line":19,"column":16},"end":{"line":19,"column":129}},"14":{"start":{"line":20,"column":32},"end":{"line":20,"column":79}},"15":{"start":{"line":21,"column":28},"end":{"line":21,"column":49}},"16":{"start":{"line":22,"column":28},"end":{"line":22,"column":30}},"17":{"start":{"line":23,"column":16},"end":{"line":26,"column":17}},"18":{"start":{"line":23,"column":26},"end":{"line":23,"column":27}},"19":{"start":{"line":25,"column":20},"end":{"line":25,"column":80}},"20":{"start":{"line":27,"column":16},"end":{"line":27,"column":114}},"21":{"start":{"line":32,"column":30},"end":{"line":36,"column":14}},"22":{"start":{"line":37,"column":12},"end":{"line":37,"column":35}},"23":{"start":{"line":38,"column":28},"end":{"line":38,"column":75}},"24":{"start":{"line":39,"column":24},"end":{"line":39,"column":45}},"25":{"start":{"line":40,"column":24},"end":{"line":40,"column":26}},"26":{"start":{"line":41,"column":12},"end":{"line":44,"column":13}},"27":{"start":{"line":41,"column":22},"end":{"line":41,"column":23}},"28":{"start":{"line":43,"column":16},"end":{"line":43,"column":76}},"29":{"start":{"line":45,"column":12},"end":{"line":45,"column":110}},"30":{"start":{"line":49,"column":8},"end":{"line":49,"column":29}},"31":{"start":{"line":50,"column":8},"end":{"line":50,"column":64}}},"fnMap":{"0":{"name":"(anonymous_0)","decl":{"start":{"line":5,"column":17},"end":{"line":5,"column":18}},"loc":{"start":{"line":5,"column":35},"end":{"line":52,"column":1}},"line":5}},"branchMap":{"0":{"loc":{"start":{"line":9,"column":8},"end":{"line":46,"column":9}},"type":"if","locations":[{"start":{"line":9,"column":8},"end":{"line":46,"column":9}},{"start":{"line":31,"column":13},"end":{"line":46,"column":9}}],"line":9},"1":{"loc":{"start":{"line":12,"column":12},"end":{"line":28,"column":13}},"type":"if","locations":[{"start":{"line":12,"column":12},"end":{"line":28,"column":13}},{"start":{"line":17,"column":12},"end":{"line":28,"column":13}}],"line":12}},"s":{"0":7,"1":7,"2":7,"3":7,"4":0,"5":0,"6":0,"7":0,"8":0,"9":0,"10":0,"11":0,"12":0,"13":0,"14":0,"15":0,"16":0,"17":0,"18":0,"19":0,"20":0,"21":0,"22":0,"23":0,"24":0,"25":0,"26":0,"27":0,"28":0,"29":0,"30":0,"31":0},"f":{"0":0},"b":{"0":[0,0],"1":[0,0]},"_coverageSchema":"1a1c01bbd47fc00a2c39e90264f33305004495a9","hash":"4344c11cf83cba3a9742728f3b87513414d57d11"}
,"C:\\Users\\Lenovo\\Desktop\\DreamSpaces\\controllers\\SaveProperty.js": {"path":"C:\\Users\\Lenovo\\Desktop\\DreamSpaces\\controllers\\SaveProperty.js","statementMap":{"0":{"start":{"line":1,"column":17},"end":{"line":1,"column":36}},"1":{"start":{"line":2,"column":14},"end":{"line":2,"column":41}},"2":{"start":{"line":3,"column":17},"end":{"line":3,"column":53}},"3":{"start":{"line":4,"column":16},"end":{"line":4,"column":52}},"4":{"start":{"line":5,"column":17},"end":{"line":5,"column":58}},"5":{"start":{"line":6,"column":17},"end":{"line":6,"column":52}},"6":{"start":{"line":7,"column":16},"end":{"line":7,"column":51}},"7":{"start":{"line":8,"column":17},"end":{"line":8,"column":46}},"8":{"start":{"line":9,"column":17},"end":{"line":9,"column":45}},"9":{"start":{"line":11,"column":0},"end":{"line":41,"column":1}},"10":{"start":{"line":12,"column":4},"end":{"line":40,"column":5}},"11":{"start":{"line":13,"column":47},"end":{"line":13,"column":55}},"12":{"start":{"line":14,"column":19},"end":{"line":14,"column":29}},"13":{"start":{"line":15,"column":23},"end":{"line":15,"column":53}},"14":{"start":{"line":16,"column":8},"end":{"line":33,"column":9}},"15":{"start":{"line":18,"column":12},"end":{"line":18,"column":78}},"16":{"start":{"line":19,"column":12},"end":{"line":19,"column":75}},"17":{"start":{"line":23,"column":12},"end":{"line":23,"column":75}},"18":{"start":{"line":24,"column":35},"end":{"line":24,"column":66}},"19":{"start":{"line":26,"column":12},"end":{"line":32,"column":13}},"20":{"start":{"line":27,"column":16},"end":{"line":27,"column":89}},"21":{"start":{"line":30,"column":16},"end":{"line":30,"column":90}},"22":{"start":{"line":31,"column":16},"end":{"line":31,"column":79}},"23":{"start":{"line":38,"column":8},"end":{"line":38,"column":27}},"24":{"start":{"line":39,"column":8},"end":{"line":39,"column":62}}},"fnMap":{"0":{"name":"(anonymous_0)","decl":{"start":{"line":11,"column":24},"end":{"line":11,"column":25}},"loc":{"start":{"line":11,"column":42},"end":{"line":41,"column":1}},"line":11}},"branchMap":{"0":{"loc":{"start":{"line":16,"column":8},"end":{"line":33,"column":9}},"type":"if","locations":[{"start":{"line":16,"column":8},"end":{"line":33,"column":9}},{"start":{"line":22,"column":8},"end":{"line":33,"column":9}}],"line":16},"1":{"loc":{"start":{"line":26,"column":12},"end":{"line":32,"column":13}},"type":"if","locations":[{"start":{"line":26,"column":12},"end":{"line":32,"column":13}},{"start":{"line":29,"column":17},"end":{"line":32,"column":13}}],"line":26}},"s":{"0":7,"1":7,"2":7,"3":7,"4":7,"5":7,"6":7,"7":7,"8":7,"9":7,"10":0,"11":0,"12":0,"13":0,"14":0,"15":0,"16":0,"17":0,"18":0,"19":0,"20":0,"21":0,"22":0,"23":0,"24":0},"f":{"0":0},"b":{"0":[0,0],"1":[0,0]},"_coverageSchema":"1a1c01bbd47fc00a2c39e90264f33305004495a9","hash":"c2ac3c3f51db119eab78b9f5ad7135bb558ba3d5"}
,"C:\\Users\\Lenovo\\Desktop\\DreamSpaces\\controllers\\UpdateMyDetails.js": {"path":"C:\\Users\\Lenovo\\Desktop\\DreamSpaces\\controllers\\UpdateMyDetails.js","statementMap":{"0":{"start":{"line":1,"column":17},"end":{"line":1,"column":36}},"1":{"start":{"line":2,"column":15},"end":{"line":2,"column":32}},"2":{"start":{"line":3,"column":17},"end":{"line":3,"column":44}},"3":{"start":{"line":5,"column":0},"end":{"line":16,"column":1}},"4":{"start":{"line":6,"column":4},"end":{"line":15,"column":5}},"5":{"start":{"line":7,"column":57},"end":{"line":7,"column":65}},"6":{"start":{"line":8,"column":27},"end":{"line":8,"column":59}},"7":{"start":{"line":8,"column":49},"end":{"line":8,"column":58}},"8":{"start":{"line":9,"column":8},"end":{"line":9,"column":165}},"9":{"start":{"line":10,"column":8},"end":{"line":10,"column":74}},"10":{"start":{"line":13,"column":8},"end":{"line":13,"column":27}},"11":{"start":{"line":14,"column":8},"end":{"line":14,"column":62}},"12":{"start":{"line":18,"column":0},"end":{"line":40,"column":1}},"13":{"start":{"line":19,"column":4},"end":{"line":39,"column":5}},"14":{"start":{"line":20,"column":76},"end":{"line":20,"column":84}},"15":{"start":{"line":21,"column":23},"end":{"line":21,"column":64}},"16":{"start":{"line":22,"column":22},"end":{"line":22,"column":81}},"17":{"start":{"line":23,"column":8},"end":{"line":35,"column":9}},"18":{"start":{"line":24,"column":12},"end":{"line":31,"column":13}},"19":{"start":{"line":25,"column":39},"end":{"line":25,"column":78}},"20":{"start":{"line":26,"column":16},"end":{"line":26,"column":95}},"21":{"start":{"line":27,"column":16},"end":{"line":27,"column":81}},"22":{"start":{"line":30,"column":16},"end":{"line":30,"column":97}},"23":{"start":{"line":34,"column":12},"end":{"line":34,"column":73}},"24":{"start":{"line":37,"column":8},"end":{"line":37,"column":29}},"25":{"start":{"line":38,"column":8},"end":{"line":38,"column":65}}},"fnMap":{"0":{"name":"(anonymous_0)","decl":{"start":{"line":5,"column":17},"end":{"line":5,"column":18}},"loc":{"start":{"line":5,"column":35},"end":{"line":16,"column":1}},"line":5},"1":{"name":"(anonymous_1)","decl":{"start":{"line":8,"column":41},"end":{"line":8,"column":42}},"loc":{"start":{"line":8,"column":49},"end":{"line":8,"column":58}},"line":8},"2":{"name":"(anonymous_2)","decl":{"start":{"line":18,"column":25},"end":{"line":18,"column":26}},"loc":{"start":{"line":18,"column":43},"end":{"line":40,"column":1}},"line":18}},"branchMap":{"0":{"loc":{"start":{"line":23,"column":8},"end":{"line":35,"column":9}},"type":"if","locations":[{"start":{"line":23,"column":8},"end":{"line":35,"column":9}},{"start":{"line":33,"column":13},"end":{"line":35,"column":9}}],"line":23},"1":{"loc":{"start":{"line":24,"column":12},"end":{"line":31,"column":13}},"type":"if","locations":[{"start":{"line":24,"column":12},"end":{"line":31,"column":13}},{"start":{"line":29,"column":17},"end":{"line":31,"column":13}}],"line":24}},"s":{"0":7,"1":7,"2":7,"3":7,"4":1,"5":1,"6":1,"7":1,"8":1,"9":1,"10":0,"11":0,"12":7,"13":3,"14":3,"15":3,"16":3,"17":0,"18":0,"19":0,"20":0,"21":0,"22":0,"23":0,"24":3,"25":3},"f":{"0":1,"1":1,"2":3},"b":{"0":[0,0],"1":[0,0]},"_coverageSchema":"1a1c01bbd47fc00a2c39e90264f33305004495a9","hash":"5fe329619d10ac2dbed9211e941fe03a90ac81e7"}
,"C:\\Users\\Lenovo\\Desktop\\DreamSpaces\\controllers\\UserDetails.js": {"path":"C:\\Users\\Lenovo\\Desktop\\DreamSpaces\\controllers\\UserDetails.js","statementMap":{"0":{"start":{"line":1,"column":17},"end":{"line":1,"column":36}},"1":{"start":{"line":2,"column":15},"end":{"line":2,"column":32}},"2":{"start":{"line":3,"column":17},"end":{"line":3,"column":53}},"3":{"start":{"line":4,"column":16},"end":{"line":4,"column":52}},"4":{"start":{"line":5,"column":17},"end":{"line":5,"column":58}},"5":{"start":{"line":6,"column":17},"end":{"line":6,"column":52}},"6":{"start":{"line":7,"column":16},"end":{"line":7,"column":51}},"7":{"start":{"line":8,"column":17},"end":{"line":8,"column":46}},"8":{"start":{"line":9,"column":17},"end":{"line":9,"column":45}},"9":{"start":{"line":10,"column":15},"end":{"line":10,"column":42}},"10":{"start":{"line":13,"column":0},"end":{"line":67,"column":1}},"11":{"start":{"line":14,"column":4},"end":{"line":66,"column":5}},"12":{"start":{"line":15,"column":23},"end":{"line":15,"column":25}},"13":{"start":{"line":16,"column":8},"end":{"line":16,"column":79}},"14":{"start":{"line":17,"column":8},"end":{"line":17,"column":78}},"15":{"start":{"line":18,"column":8},"end":{"line":18,"column":79}},"16":{"start":{"line":19,"column":8},"end":{"line":19,"column":79}},"17":{"start":{"line":20,"column":8},"end":{"line":20,"column":78}},"18":{"start":{"line":21,"column":8},"end":{"line":21,"column":79}},"19":{"start":{"line":22,"column":8},"end":{"line":22,"column":79}},"20":{"start":{"line":23,"column":22},"end":{"line":23,"column":63}},"21":{"start":{"line":24,"column":20},"end":{"line":24,"column":35}},"22":{"start":{"line":27,"column":25},"end":{"line":27,"column":27}},"23":{"start":{"line":28,"column":22},"end":{"line":28,"column":24}},"24":{"start":{"line":29,"column":8},"end":{"line":60,"column":9}},"25":{"start":{"line":30,"column":12},"end":{"line":30,"column":49}},"26":{"start":{"line":31,"column":29},"end":{"line":31,"column":31}},"27":{"start":{"line":32,"column":26},"end":{"line":32,"column":28}},"28":{"start":{"line":33,"column":12},"end":{"line":59,"column":13}},"29":{"start":{"line":34,"column":16},"end":{"line":58,"column":17}},"30":{"start":{"line":34,"column":26},"end":{"line":34,"column":27}},"31":{"start":{"line":36,"column":20},"end":{"line":56,"column":21}},"32":{"start":{"line":37,"column":24},"end":{"line":37,"column":112}},"33":{"start":{"line":39,"column":25},"end":{"line":56,"column":21}},"34":{"start":{"line":40,"column":24},"end":{"line":40,"column":111}},"35":{"start":{"line":42,"column":25},"end":{"line":56,"column":21}},"36":{"start":{"line":43,"column":24},"end":{"line":43,"column":112}},"37":{"start":{"line":45,"column":25},"end":{"line":56,"column":21}},"38":{"start":{"line":46,"column":24},"end":{"line":46,"column":112}},"39":{"start":{"line":48,"column":25},"end":{"line":56,"column":21}},"40":{"start":{"line":49,"column":24},"end":{"line":49,"column":111}},"41":{"start":{"line":51,"column":25},"end":{"line":56,"column":21}},"42":{"start":{"line":52,"column":24},"end":{"line":52,"column":112}},"43":{"start":{"line":54,"column":25},"end":{"line":56,"column":21}},"44":{"start":{"line":55,"column":24},"end":{"line":55,"column":112}},"45":{"start":{"line":57,"column":20},"end":{"line":57,"column":97}},"46":{"start":{"line":61,"column":8},"end":{"line":61,"column":133}},"47":{"start":{"line":64,"column":8},"end":{"line":64,"column":29}},"48":{"start":{"line":65,"column":8},"end":{"line":65,"column":64}},"49":{"start":{"line":69,"column":0},"end":{"line":92,"column":1}},"50":{"start":{"line":70,"column":4},"end":{"line":91,"column":5}},"51":{"start":{"line":71,"column":27},"end":{"line":71,"column":35}},"52":{"start":{"line":72,"column":23},"end":{"line":72,"column":62}},"53":{"start":{"line":73,"column":22},"end":{"line":73,"column":69}},"54":{"start":{"line":74,"column":8},"end":{"line":87,"column":9}},"55":{"start":{"line":75,"column":12},"end":{"line":75,"column":61}},"56":{"start":{"line":76,"column":12},"end":{"line":76,"column":60}},"57":{"start":{"line":77,"column":12},"end":{"line":77,"column":61}},"58":{"start":{"line":78,"column":12},"end":{"line":78,"column":60}},"59":{"start":{"line":79,"column":12},"end":{"line":79,"column":61}},"60":{"start":{"line":80,"column":12},"end":{"line":80,"column":61}},"61":{"start":{"line":81,"column":12},"end":{"line":81,"column":61}},"62":{"start":{"line":82,"column":12},"end":{"line":82,"column":54}},"63":{"start":{"line":83,"column":12},"end":{"line":83,"column":75}},"64":{"start":{"line":86,"column":12},"end":{"line":86,"column":73}},"65":{"start":{"line":89,"column":8},"end":{"line":89,"column":29}},"66":{"start":{"line":90,"column":8},"end":{"line":90,"column":65}},"67":{"start":{"line":94,"column":0},"end":{"line":124,"column":1}},"68":{"start":{"line":95,"column":4},"end":{"line":123,"column":5}},"69":{"start":{"line":96,"column":31},"end":{"line":96,"column":39}},"70":{"start":{"line":98,"column":8},"end":{"line":98,"column":54}},"71":{"start":{"line":99,"column":8},"end":{"line":99,"column":53}},"72":{"start":{"line":100,"column":8},"end":{"line":100,"column":54}},"73":{"start":{"line":101,"column":8},"end":{"line":101,"column":54}},"74":{"start":{"line":102,"column":8},"end":{"line":102,"column":53}},"75":{"start":{"line":103,"column":8},"end":{"line":103,"column":54}},"76":{"start":{"line":104,"column":8},"end":{"line":104,"column":54}},"77":{"start":{"line":108,"column":8},"end":{"line":111,"column":10}},"78":{"start":{"line":114,"column":8},"end":{"line":117,"column":10}},"79":{"start":{"line":119,"column":8},"end":{"line":119,"column":82}},"80":{"start":{"line":121,"column":8},"end":{"line":121,"column":57}},"81":{"start":{"line":122,"column":8},"end":{"line":122,"column":74}}},"fnMap":{"0":{"name":"(anonymous_0)","decl":{"start":{"line":13,"column":22},"end":{"line":13,"column":23}},"loc":{"start":{"line":13,"column":38},"end":{"line":67,"column":1}},"line":13},"1":{"name":"(anonymous_1)","decl":{"start":{"line":69,"column":24},"end":{"line":69,"column":25}},"loc":{"start":{"line":69,"column":42},"end":{"line":92,"column":1}},"line":69},"2":{"name":"(anonymous_2)","decl":{"start":{"line":94,"column":25},"end":{"line":94,"column":26}},"loc":{"start":{"line":94,"column":44},"end":{"line":124,"column":1}},"line":94}},"branchMap":{"0":{"loc":{"start":{"line":29,"column":8},"end":{"line":60,"column":9}},"type":"if","locations":[{"start":{"line":29,"column":8},"end":{"line":60,"column":9}},{"start":{},"end":{}}],"line":29},"1":{"loc":{"start":{"line":33,"column":12},"end":{"line":59,"column":13}},"type":"if","locations":[{"start":{"line":33,"column":12},"end":{"line":59,"column":13}},{"start":{},"end":{}}],"line":33},"2":{"loc":{"start":{"line":36,"column":20},"end":{"line":56,"column":21}},"type":"if","locations":[{"start":{"line":36,"column":20},"end":{"line":56,"column":21}},{"start":{"line":39,"column":25},"end":{"line":56,"column":21}}],"line":36},"3":{"loc":{"start":{"line":39,"column":25},"end":{"line":56,"column":21}},"type":"if","locations":[{"start":{"line":39,"column":25},"end":{"line":56,"column":21}},{"start":{"line":42,"column":25},"end":{"line":56,"column":21}}],"line":39},"4":{"loc":{"start":{"line":42,"column":25},"end":{"line":56,"column":21}},"type":"if","locations":[{"start":{"line":42,"column":25},"end":{"line":56,"column":21}},{"start":{"line":45,"column":25},"end":{"line":56,"column":21}}],"line":42},"5":{"loc":{"start":{"line":45,"column":25},"end":{"line":56,"column":21}},"type":"if","locations":[{"start":{"line":45,"column":25},"end":{"line":56,"column":21}},{"start":{"line":48,"column":25},"end":{"line":56,"column":21}}],"line":45},"6":{"loc":{"start":{"line":48,"column":25},"end":{"line":56,"column":21}},"type":"if","locations":[{"start":{"line":48,"column":25},"end":{"line":56,"column":21}},{"start":{"line":51,"column":25},"end":{"line":56,"column":21}}],"line":48},"7":{"loc":{"start":{"line":51,"column":25},"end":{"line":56,"column":21}},"type":"if","locations":[{"start":{"line":51,"column":25},"end":{"line":56,"column":21}},{"start":{"line":54,"column":25},"end":{"line":56,"column":21}}],"line":51},"8":{"loc":{"start":{"line":54,"column":25},"end":{"line":56,"column":21}},"type":"if","locations":[{"start":{"line":54,"column":25},"end":{"line":56,"column":21}},{"start":{},"end":{}}],"line":54},"9":{"loc":{"start":{"line":74,"column":8},"end":{"line":87,"column":9}},"type":"if","locations":[{"start":{"line":74,"column":8},"end":{"line":87,"column":9}},{"start":{"line":85,"column":13},"end":{"line":87,"column":9}}],"line":74}},"s":{"0":7,"1":7,"2":7,"3":7,"4":7,"5":7,"6":7,"7":7,"8":7,"9":7,"10":7,"11":1,"12":1,"13":1,"14":1,"15":1,"16":1,"17":1,"18":1,"19":1,"20":1,"21":1,"22":1,"23":1,"24":1,"25":1,"26":1,"27":1,"28":1,"29":0,"30":0,"31":0,"32":0,"33":0,"34":0,"35":0,"36":0,"37":0,"38":0,"39":0,"40":0,"41":0,"42":0,"43":0,"44":0,"45":0,"46":1,"47":0,"48":0,"49":7,"50":2,"51":2,"52":2,"53":1,"54":0,"55":0,"56":0,"57":0,"58":0,"59":0,"60":0,"61":0,"62":0,"63":0,"64":0,"65":1,"66":1,"67":7,"68":0,"69":0,"70":0,"71":0,"72":0,"73":0,"74":0,"75":0,"76":0,"77":0,"78":0,"79":0,"80":0,"81":0},"f":{"0":1,"1":2,"2":0},"b":{"0":[1,0],"1":[0,1],"2":[0,0],"3":[0,0],"4":[0,0],"5":[0,0],"6":[0,0],"7":[0,0],"8":[0,0],"9":[0,0]},"_coverageSchema":"1a1c01bbd47fc00a2c39e90264f33305004495a9","hash":"6f0f625f703afc11f7025e8550f992cae255b90f"}
,"C:\\Users\\Lenovo\\Desktop\\DreamSpaces\\models\\Admin.js": {"path":"C:\\Users\\Lenovo\\Desktop\\DreamSpaces\\models\\Admin.js","statementMap":{"0":{"start":{"line":2,"column":17},"end":{"line":2,"column":36}},"1":{"start":{"line":3,"column":15},"end":{"line":3,"column":32}},"2":{"start":{"line":5,"column":20},"end":{"line":10,"column":2}},"3":{"start":{"line":11,"column":14},"end":{"line":11,"column":50}},"4":{"start":{"line":13,"column":0},"end":{"line":13,"column":23}}},"fnMap":{},"branchMap":{},"s":{"0":7,"1":7,"2":7,"3":7,"4":7},"f":{},"b":{},"_coverageSchema":"1a1c01bbd47fc00a2c39e90264f33305004495a9","hash":"69fdd6f0d73b5aad3cb6baeb9e495f36d12552c5"}
,"C:\\Users\\Lenovo\\Desktop\\DreamSpaces\\models\\CommercialRent.js": {"path":"C:\\Users\\Lenovo\\Desktop\\DreamSpaces\\models\\CommercialRent.js","statementMap":{"0":{"start":{"line":1,"column":17},"end":{"line":1,"column":36}},"1":{"start":{"line":5,"column":23},"end":{"line":46,"column":2}},"2":{"start":{"line":49,"column":0},"end":{"line":49,"column":67}}},"fnMap":{},"branchMap":{},"s":{"0":7,"1":7,"2":7},"f":{},"b":{},"_coverageSchema":"1a1c01bbd47fc00a2c39e90264f33305004495a9","hash":"b75b34009881940663543b550d2826b01702a8b6"}
,"C:\\Users\\Lenovo\\Desktop\\DreamSpaces\\models\\CommercialSale.js": {"path":"C:\\Users\\Lenovo\\Desktop\\DreamSpaces\\models\\CommercialSale.js","statementMap":{"0":{"start":{"line":1,"column":17},"end":{"line":1,"column":36}},"1":{"start":{"line":5,"column":23},"end":{"line":44,"column":2}},"2":{"start":{"line":47,"column":0},"end":{"line":47,"column":67}}},"fnMap":{},"branchMap":{},"s":{"0":7,"1":7,"2":7},"f":{},"b":{},"_coverageSchema":"1a1c01bbd47fc00a2c39e90264f33305004495a9","hash":"b71bbe6c9016a8a074fe40609879454094f9e48d"}
,"C:\\Users\\Lenovo\\Desktop\\DreamSpaces\\models\\PlotDev.js": {"path":"C:\\Users\\Lenovo\\Desktop\\DreamSpaces\\models\\PlotDev.js","statementMap":{"0":{"start":{"line":1,"column":17},"end":{"line":1,"column":36}},"1":{"start":{"line":5,"column":23},"end":{"line":45,"column":2}},"2":{"start":{"line":48,"column":0},"end":{"line":48,"column":60}}},"fnMap":{},"branchMap":{},"s":{"0":7,"1":7,"2":7},"f":{},"b":{},"_coverageSchema":"1a1c01bbd47fc00a2c39e90264f33305004495a9","hash":"63211118423bb2a87490f74dac8fa2f961ce5401"}
,"C:\\Users\\Lenovo\\Desktop\\DreamSpaces\\models\\PlotSale.js": {"path":"C:\\Users\\Lenovo\\Desktop\\DreamSpaces\\models\\PlotSale.js","statementMap":{"0":{"start":{"line":1,"column":17},"end":{"line":1,"column":36}},"1":{"start":{"line":5,"column":23},"end":{"line":42,"column":2}},"2":{"start":{"line":45,"column":0},"end":{"line":45,"column":61}}},"fnMap":{},"branchMap":{},"s":{"0":7,"1":7,"2":7},"f":{},"b":{},"_coverageSchema":"1a1c01bbd47fc00a2c39e90264f33305004495a9","hash":"779356a35c5de75b321834bb55da8fb306a677c1"}
,"C:\\Users\\Lenovo\\Desktop\\DreamSpaces\\models\\Reports.js": {"path":"C:\\Users\\Lenovo\\Desktop\\DreamSpaces\\models\\Reports.js","statementMap":{"0":{"start":{"line":2,"column":17},"end":{"line":2,"column":36}},"1":{"start":{"line":5,"column":29},"end":{"line":22,"column":2}},"2":{"start":{"line":25,"column":23},"end":{"line":25,"column":77}},"3":{"start":{"line":27,"column":0},"end":{"line":27,"column":32}}},"fnMap":{},"branchMap":{},"s":{"0":7,"1":7,"2":7,"3":7},"f":{},"b":{},"_coverageSchema":"1a1c01bbd47fc00a2c39e90264f33305004495a9","hash":"87feea5dc2fb9e5e52641062abb35e0fab9038c0"}
,"C:\\Users\\Lenovo\\Desktop\\DreamSpaces\\models\\ResidentialFlatmates.js": {"path":"C:\\Users\\Lenovo\\Desktop\\DreamSpaces\\models\\ResidentialFlatmates.js","statementMap":{"0":{"start":{"line":1,"column":17},"end":{"line":1,"column":36}},"1":{"start":{"line":5,"column":23},"end":{"line":47,"column":2}},"2":{"start":{"line":50,"column":0},"end":{"line":50,"column":73}}},"fnMap":{},"branchMap":{},"s":{"0":7,"1":7,"2":7},"f":{},"b":{},"_coverageSchema":"1a1c01bbd47fc00a2c39e90264f33305004495a9","hash":"224fc9622dbca747aa11f3ca6c480fc676f381e1"}
,"C:\\Users\\Lenovo\\Desktop\\DreamSpaces\\models\\ResidentialRent.js": {"path":"C:\\Users\\Lenovo\\Desktop\\DreamSpaces\\models\\ResidentialRent.js","statementMap":{"0":{"start":{"line":1,"column":17},"end":{"line":1,"column":36}},"1":{"start":{"line":5,"column":23},"end":{"line":40,"column":2}},"2":{"start":{"line":43,"column":0},"end":{"line":43,"column":68}}},"fnMap":{},"branchMap":{},"s":{"0":7,"1":7,"2":7},"f":{},"b":{},"_coverageSchema":"1a1c01bbd47fc00a2c39e90264f33305004495a9","hash":"f151b7d377af52331d7db59afc11b22565f115a7"}
,"C:\\Users\\Lenovo\\Desktop\\DreamSpaces\\models\\ResidentialSale.js": {"path":"C:\\Users\\Lenovo\\Desktop\\DreamSpaces\\models\\ResidentialSale.js","statementMap":{"0":{"start":{"line":1,"column":17},"end":{"line":1,"column":36}},"1":{"start":{"line":5,"column":23},"end":{"line":40,"column":2}},"2":{"start":{"line":43,"column":0},"end":{"line":43,"column":68}}},"fnMap":{},"branchMap":{},"s":{"0":7,"1":7,"2":7},"f":{},"b":{},"_coverageSchema":"1a1c01bbd47fc00a2c39e90264f33305004495a9","hash":"fc2ea57feb507444cb0b3c1becc96820433b1bb6"}
,"C:\\Users\\Lenovo\\Desktop\\DreamSpaces\\models\\Reviews.js": {"path":"C:\\Users\\Lenovo\\Desktop\\DreamSpaces\\models\\Reviews.js","statementMap":{"0":{"start":{"line":1,"column":17},"end":{"line":1,"column":36}},"1":{"start":{"line":3,"column":15},"end":{"line":7,"column":2}},"2":{"start":{"line":9,"column":0},"end":{"line":9,"column":51}}},"fnMap":{},"branchMap":{},"s":{"0":7,"1":7,"2":7},"f":{},"b":{},"_coverageSchema":"1a1c01bbd47fc00a2c39e90264f33305004495a9","hash":"a61018f74bb179986943400398fa6ccec773592a"}
,"C:\\Users\\Lenovo\\Desktop\\DreamSpaces\\models\\Signup.js": {"path":"C:\\Users\\Lenovo\\Desktop\\DreamSpaces\\models\\Signup.js","statementMap":{"0":{"start":{"line":1,"column":17},"end":{"line":1,"column":36}},"1":{"start":{"line":3,"column":21},"end":{"line":13,"column":2}},"2":{"start":{"line":15,"column":0},"end":{"line":15,"column":56}}},"fnMap":{},"branchMap":{},"s":{"0":7,"1":7,"2":7},"f":{},"b":{},"_coverageSchema":"1a1c01bbd47fc00a2c39e90264f33305004495a9","hash":"fe853917513425dd5e5fa0856725f0b4fd5abc86"}
}
